{"meta": {"format": 3, "version": "7.13.5", "timestamp": "2026-05-04T22:12:51.258044", "branch_coverage": false, "show_contexts": false}, "files": {"src\\__init__.py": {"executed_lines": [], "summary": {"covered_lines": 0, "num_statements": 0, "percent_covered": 100.0, "percent_covered_display": "100", "missing_lines": 0, "excluded_lines": 0, "percent_statements_covered": 100.0, "percent_statements_covered_display": "100"}, "missing_lines": [], "excluded_lines": [], "functions": {"": {"executed_lines": [], "summary": {"covered_lines": 0, "num_statements": 0, "percent_covered": 100.0, "percent_covered_display": "100", "missing_lines": 0, "excluded_lines": 0, "percent_statements_covered": 100.0, "percent_statements_covered_display": "100"}, "missing_lines": [], "excluded_lines": [], "start_line": 1}}, "classes": {"": {"executed_lines": [], "summary": {"covered_lines": 0, "num_statements": 0, "percent_covered": 100.0, "percent_covered_display": "100", "missing_lines": 0, "excluded_lines": 0, "percent_statements_covered": 100.0, "percent_statements_covered_display": "100"}, "missing_lines": [], "excluded_lines": [], "start_line": 1}}}, "src\\data\\__init__.py": {"executed_lines": [], "summary": {"covered_lines": 0, "num_statements": 0, "percent_covered": 100.0, "percent_covered_display": "100", "missing_lines": 0, "excluded_lines": 0, "percent_statements_covered": 100.0, "percent_statements_covered_display": "100"}, "missing_lines": [], "excluded_lines": [], "functions": {"": {"executed_lines": [], "summary": {"covered_lines": 0, "num_statements": 0, "percent_covered": 100.0, "percent_covered_display": "100", "missing_lines": 0, "excluded_lines": 0, "percent_statements_covered": 100.0, "percent_statements_covered_display": "100"}, "missing_lines": [], "excluded_lines": [], "start_line": 1}}, "classes": {"": {"executed_lines": [], "summary": {"covered_lines": 0, "num_statements": 0, "percent_covered": 100.0, "percent_covered_display": "100", "missing_lines": 0, "excluded_lines": 0, "percent_statements_covered": 100.0, "percent_statements_covered_display": "100"}, "missing_lines": [], "excluded_lines": [], "start_line": 1}}}, "src\\data\\acquire.py": {"executed_lines": [1, 3, 5, 6, 7, 9], "summary": {"covered_lines": 6, "num_statements": 7, "percent_covered": 85.71428571428571, "percent_covered_display": "86", "missing_lines": 1, "excluded_lines": 0, "percent_statements_covered": 85.71428571428571, "percent_statements_covered_display": "86"}, "missing_lines": [10], "excluded_lines": [], "functions": {"download_dataset": {"executed_lines": [5, 6, 7], "summary": {"covered_lines": 3, "num_statements": 3, "percent_covered": 100.0, "percent_covered_display": "100", "missing_lines": 0, "excluded_lines": 0, "percent_statements_covered": 100.0, "percent_statements_covered_display": "100"}, "missing_lines": [], "excluded_lines": [], "start_line": 3}, "": {"executed_lines": [1, 3, 9], "summary": {"covered_lines": 3, "num_statements": 4, "percent_covered": 75.0, "percent_covered_display": "75", "missing_lines": 1, "excluded_lines": 0, "percent_statements_covered": 75.0, "percent_statements_covered_display": "75"}, "missing_lines": [10], "excluded_lines": [], "start_line": 1}}, "classes": {"": {"executed_lines": [1, 3, 5, 6, 7, 9], "summary": {"covered_lines": 6, "num_statements": 7, "percent_covered": 85.71428571428571, "percent_covered_display": "86", "missing_lines": 1, "excluded_lines": 0, "percent_statements_covered": 85.71428571428571, "percent_statements_covered_display": "86"}, "missing_lines": [10], "excluded_lines": [], "start_line": 1}}}, "src\\data\\preprocess.py": {"executed_lines": [40, 41, 42, 43, 44, 45, 46, 48, 49, 50, 51, 52, 81, 90, 92, 93, 94, 95, 98, 99, 100, 101, 102, 103, 106, 107, 110, 126, 155, 168, 171, 173, 174, 175, 176, 178, 180, 181, 183, 187, 190, 193, 194, 195, 196, 197, 198, 200, 201, 202, 203, 204, 206, 208, 214, 216, 217, 218, 219, 221, 222, 224, 226, 233, 235, 236, 237, 241, 242, 245, 246, 248, 250, 256, 258, 260, 261, 262, 264, 265, 266, 268, 270, 277, 279, 281, 282, 283, 285, 286, 287, 290, 291, 293, 295, 304, 305, 308, 310, 311, 312, 314, 315, 316, 317, 318, 321, 323, 334, 337, 339, 342, 343, 345, 346, 347, 348, 350, 352, 358, 360, 363, 364, 365, 366, 367, 369, 371, 373, 385, 386, 388, 390, 391, 392, 393, 396, 397, 400, 401, 404, 405, 408, 409, 412, 413, 416, 417, 420, 421, 424, 425, 427, 429, 430, 432, 433, 434, 435, 436, 437, 438, 439, 440, 441, 442, 443, 444, 446, 451, 479, 495, 496, 499, 509, 510, 511, 513, 516, 519, 523, 526, 529, 532, 535, 538, 541, 544, 548, 551, 554, 557, 560, 563, 566, 570, 571, 572, 573, 575, 578, 588, 589, 590, 592, 597, 598, 599, 600, 603, 604, 605, 611, 612, 615, 616, 617, 619, 620, 622, 625, 626, 628, 629, 631, 634, 661, 662, 663, 665, 669, 670, 673, 674, 677, 679, 682, 683, 684, 685, 686, 687, 689, 690, 691, 694, 695, 697, 700, 705, 734, 735, 737, 738, 739, 740, 741, 744, 747, 749, 753, 762, 764, 781, 784, 786, 788, 789, 790, 792, 795, 917, 1007, 1077, 1194], "summary": {"covered_lines": 275, "num_statements": 510, "percent_covered": 53.92156862745098, "percent_covered_display": "54", "missing_lines": 235, "excluded_lines": 0, "percent_statements_covered": 53.92156862745098, "percent_statements_covered_display": "54"}, "missing_lines": [319, 458, 459, 460, 462, 464, 465, 466, 467, 469, 470, 472, 473, 474, 476, 666, 671, 675, 698, 706, 707, 709, 710, 711, 712, 713, 714, 715, 717, 725, 736, 745, 765, 766, 767, 769, 770, 771, 772, 775, 776, 777, 779, 782, 813, 814, 815, 818, 819, 821, 824, 825, 826, 829, 830, 831, 832, 833, 835, 839, 840, 841, 842, 843, 844, 846, 847, 850, 858, 865, 866, 867, 868, 870, 871, 872, 877, 878, 879, 887, 888, 889, 890, 891, 892, 895, 896, 897, 898, 899, 902, 903, 904, 906, 909, 910, 911, 913, 938, 939, 940, 943, 944, 945, 947, 948, 949, 952, 953, 954, 956, 957, 958, 961, 962, 963, 965, 966, 967, 970, 971, 972, 974, 975, 976, 979, 1000, 1001, 1002, 1004, 1021, 1022, 1023, 1024, 1025, 1027, 1028, 1029, 1030, 1031, 1032, 1033, 1034, 1036, 1037, 1038, 1039, 1040, 1041, 1042, 1043, 1044, 1046, 1047, 1048, 1050, 1051, 1052, 1053, 1055, 1056, 1057, 1058, 1060, 1061, 1062, 1063, 1065, 1066, 1067, 1068, 1069, 1070, 1072, 1074, 1079, 1080, 1081, 1082, 1085, 1086, 1087, 1088, 1091, 1092, 1093, 1094, 1097, 1098, 1099, 1100, 1101, 1104, 1105, 1106, 1107, 1108, 1109, 1110, 1113, 1114, 1117, 1123, 1130, 1140, 1147, 1148, 1150, 1153, 1154, 1155, 1156, 1158, 1159, 1167, 1168, 1170, 1171, 1172, 1173, 1175, 1176, 1177, 1178, 1179, 1180, 1181, 1183, 1184, 1185, 1187, 1189, 1190, 1191, 1195], "excluded_lines": [], "functions": {"DataCleaner.__init__": {"executed_lines": [174, 175, 176], "summary": {"covered_lines": 3, "num_statements": 3, "percent_covered": 100.0, "percent_covered_display": "100", "missing_lines": 0, "excluded_lines": 0, "percent_statements_covered": 100.0, "percent_statements_covered_display": "100"}, "missing_lines": [], "excluded_lines": [], "start_line": 173}, "DataCleaner.log_step": {"executed_lines": [180, 181], "summary": {"covered_lines": 2, "num_statements": 2, "percent_covered": 100.0, "percent_covered_display": "100", "missing_lines": 0, "excluded_lines": 0, "percent_statements_covered": 100.0, "percent_statements_covered_display": "100"}, "missing_lines": [], "excluded_lines": [], "start_line": 178}, "DataCleaner.drop_high_missingness_columns": {"executed_lines": [187, 190, 193, 194, 195, 196, 197, 198, 200, 201, 202, 203, 204, 206], "summary": {"covered_lines": 14, "num_statements": 14, "percent_covered": 100.0, "percent_covered_display": "100", "missing_lines": 0, "excluded_lines": 0, "percent_statements_covered": 100.0, "percent_statements_covered_display": "100"}, "missing_lines": [], "excluded_lines": [], "start_line": 183}, "DataCleaner.remove_invalid_Speed_limits": {"executed_lines": [214, 216, 217, 218, 219, 221, 222, 224], "summary": {"covered_lines": 8, "num_statements": 8, "percent_covered": 100.0, "percent_covered_display": "100", "missing_lines": 0, "excluded_lines": 0, "percent_statements_covered": 100.0, "percent_statements_covered_display": "100"}, "missing_lines": [], "excluded_lines": [], "start_line": 208}, "DataCleaner.correct_day_of_week": {"executed_lines": [233, 235, 236, 237, 241, 242, 245, 246, 248], "summary": {"covered_lines": 9, "num_statements": 9, "percent_covered": 100.0, "percent_covered_display": "100", "missing_lines": 0, "excluded_lines": 0, "percent_statements_covered": 100.0, "percent_statements_covered_display": "100"}, "missing_lines": [], "excluded_lines": [], "start_line": 226}, "DataCleaner.handle_invalid_age_bands": {"executed_lines": [256, 258, 260, 261, 262, 264, 265, 266, 268], "summary": {"covered_lines": 9, "num_statements": 9, "percent_covered": 100.0, "percent_covered_display": "100", "missing_lines": 0, "excluded_lines": 0, "percent_statements_covered": 100.0, "percent_statements_covered_display": "100"}, "missing_lines": [], "excluded_lines": [], "start_line": 250}, "DataCleaner.handle_sex_of_driver_codes": {"executed_lines": [277, 279, 281, 282, 283, 285, 286, 287, 290, 291, 293], "summary": {"covered_lines": 11, "num_statements": 11, "percent_covered": 100.0, "percent_covered_display": "100", "missing_lines": 0, "excluded_lines": 0, "percent_statements_covered": 100.0, "percent_statements_covered_display": "100"}, "missing_lines": [], "excluded_lines": [], "start_line": 270}, "DataCleaner.remove_rows_with_required_nulls": {"executed_lines": [304, 305, 308, 310, 311, 312, 314, 315, 316, 317, 318, 321], "summary": {"covered_lines": 12, "num_statements": 13, "percent_covered": 92.3076923076923, "percent_covered_display": "92", "missing_lines": 1, "excluded_lines": 0, "percent_statements_covered": 92.3076923076923, "percent_statements_covered_display": "92"}, "missing_lines": [319], "excluded_lines": [], "start_line": 295}, "DataCleaner.handle_join_integrity": {"executed_lines": [334, 337, 339, 342, 343, 345, 346, 347, 348, 350], "summary": {"covered_lines": 10, "num_statements": 10, "percent_covered": 100.0, "percent_covered_display": "100", "missing_lines": 0, "excluded_lines": 0, "percent_statements_covered": 100.0, "percent_statements_covered_display": "100"}, "missing_lines": [], "excluded_lines": [], "start_line": 323}, "DataCleaner.check_and_remove_duplicates": {"executed_lines": [358, 360, 363, 364, 365, 366, 367, 369, 371], "summary": {"covered_lines": 9, "num_statements": 9, "percent_covered": 100.0, "percent_covered_display": "100", "missing_lines": 0, "excluded_lines": 0, "percent_statements_covered": 100.0, "percent_statements_covered_display": "100"}, "missing_lines": [], "excluded_lines": [], "start_line": 352}, "DataCleaner.clean": {"executed_lines": [385, 386, 388, 390, 391, 392, 393, 396, 397, 400, 401, 404, 405, 408, 409, 412, 413, 416, 417, 420, 421, 424, 425, 427, 429, 430, 432, 433, 434, 435, 436, 437, 438, 439, 440, 441, 442, 443, 444, 446], "summary": {"covered_lines": 40, "num_statements": 40, "percent_covered": 100.0, "percent_covered_display": "100", "missing_lines": 0, "excluded_lines": 0, "percent_statements_covered": 100.0, "percent_statements_covered_display": "100"}, "missing_lines": [], "excluded_lines": [], "start_line": 373}, "load_data": {"executed_lines": [], "summary": {"covered_lines": 0, "num_statements": 14, "percent_covered": 0.0, "percent_covered_display": "0", "missing_lines": 14, "excluded_lines": 0, "percent_statements_covered": 0.0, "percent_statements_covered_display": "0"}, "missing_lines": [458, 459, 460, 462, 464, 465, 466, 467, 469, 470, 472, 473, 474, 476], "excluded_lines": [], "start_line": 451}, "clean_data": {"executed_lines": [495, 496], "summary": {"covered_lines": 2, "num_statements": 2, "percent_covered": 100.0, "percent_covered_display": "100", "missing_lines": 0, "excluded_lines": 0, "percent_statements_covered": 100.0, "percent_statements_covered_display": "100"}, "missing_lines": [], "excluded_lines": [], "start_line": 479}, "engineer_features": {"executed_lines": [509, 510, 511, 513, 516, 519, 523, 526, 529, 532, 535, 538, 541, 544, 548, 551, 554, 557, 560, 563, 566, 570, 571, 572, 573, 575], "summary": {"covered_lines": 26, "num_statements": 26, "percent_covered": 100.0, "percent_covered_display": "100", "missing_lines": 0, "excluded_lines": 0, "percent_statements_covered": 100.0, "percent_statements_covered_display": "100"}, "missing_lines": [], "excluded_lines": [], "start_line": 499}, "preprocess_features": {"executed_lines": [588, 589, 590, 592, 597, 598, 599, 600, 603, 604, 605, 611, 612, 615, 616, 617, 619, 620, 622, 625, 626, 628, 629, 631], "summary": {"covered_lines": 24, "num_statements": 24, "percent_covered": 100.0, "percent_covered_display": "100", "missing_lines": 0, "excluded_lines": 0, "percent_statements_covered": 100.0, "percent_statements_covered_display": "100"}, "missing_lines": [], "excluded_lines": [], "start_line": 578}, "select_features": {"executed_lines": [661, 662, 663, 665, 669, 670, 673, 674, 677, 679, 682, 683, 684, 685, 686, 687, 689, 690, 691, 694, 695, 697, 700, 705, 734, 735, 737, 738, 739, 740, 741, 744, 747, 749, 753, 762, 764, 781, 784, 786, 788, 789, 790, 792], "summary": {"covered_lines": 44, "num_statements": 73, "percent_covered": 60.273972602739725, "percent_covered_display": "60", "missing_lines": 29, "excluded_lines": 0, "percent_statements_covered": 60.273972602739725, "percent_statements_covered_display": "60"}, "missing_lines": [666, 671, 675, 698, 706, 707, 709, 710, 711, 712, 713, 714, 715, 717, 725, 736, 745, 765, 766, 767, 769, 770, 771, 772, 775, 776, 777, 779, 782], "excluded_lines": [], "start_line": 634}, "prepare_train_val_test_split": {"executed_lines": [], "summary": {"covered_lines": 0, "num_statements": 54, "percent_covered": 0.0, "percent_covered_display": "0", "missing_lines": 54, "excluded_lines": 0, "percent_statements_covered": 0.0, "percent_statements_covered_display": "0"}, "missing_lines": [813, 814, 815, 818, 819, 821, 824, 825, 826, 829, 830, 831, 832, 833, 835, 839, 840, 841, 842, 843, 844, 846, 847, 850, 858, 865, 866, 867, 868, 870, 871, 872, 877, 878, 879, 887, 888, 889, 890, 891, 892, 895, 896, 897, 898, 899, 902, 903, 904, 906, 909, 910, 911, 913], "excluded_lines": [], "start_line": 795}, "save_artifacts": {"executed_lines": [], "summary": {"covered_lines": 0, "num_statements": 32, "percent_covered": 0.0, "percent_covered_display": "0", "missing_lines": 32, "excluded_lines": 0, "percent_statements_covered": 0.0, "percent_statements_covered_display": "0"}, "missing_lines": [938, 939, 940, 943, 944, 945, 947, 948, 949, 952, 953, 954, 956, 957, 958, 961, 962, 963, 965, 966, 967, 970, 971, 972, 974, 975, 976, 979, 1000, 1001, 1002, 1004], "excluded_lines": [], "start_line": 917}, "generate_report": {"executed_lines": [], "summary": {"covered_lines": 0, "num_statements": 45, "percent_covered": 0.0, "percent_covered_display": "0", "missing_lines": 45, "excluded_lines": 0, "percent_statements_covered": 0.0, "percent_statements_covered_display": "0"}, "missing_lines": [1021, 1022, 1023, 1024, 1025, 1027, 1028, 1029, 1030, 1031, 1032, 1033, 1034, 1036, 1037, 1038, 1039, 1040, 1041, 1042, 1043, 1044, 1046, 1047, 1048, 1050, 1051, 1052, 1053, 1055, 1056, 1057, 1058, 1060, 1061, 1062, 1063, 1065, 1066, 1067, 1068, 1069, 1070, 1072, 1074], "excluded_lines": [], "start_line": 1007}, "main": {"executed_lines": [], "summary": {"covered_lines": 0, "num_statements": 59, "percent_covered": 0.0, "percent_covered_display": "0", "missing_lines": 59, "excluded_lines": 0, "percent_statements_covered": 0.0, "percent_statements_covered_display": "0"}, "missing_lines": [1079, 1080, 1081, 1082, 1085, 1086, 1087, 1088, 1091, 1092, 1093, 1094, 1097, 1098, 1099, 1100, 1101, 1104, 1105, 1106, 1107, 1108, 1109, 1110, 1113, 1114, 1117, 1123, 1130, 1140, 1147, 1148, 1150, 1153, 1154, 1155, 1156, 1158, 1159, 1167, 1168, 1170, 1171, 1172, 1173, 1175, 1176, 1177, 1178, 1179, 1180, 1181, 1183, 1184, 1185, 1187, 1189, 1190, 1191], "excluded_lines": [], "start_line": 1077}, "": {"executed_lines": [40, 41, 42, 43, 44, 45, 46, 48, 49, 50, 51, 52, 81, 90, 92, 93, 94, 95, 98, 99, 100, 101, 102, 103, 106, 107, 110, 126, 155, 168, 171, 173, 178, 183, 208, 226, 250, 270, 295, 323, 352, 373, 451, 479, 499, 578, 634, 795, 917, 1007, 1077, 1194], "summary": {"covered_lines": 52, "num_statements": 53, "percent_covered": 98.11320754716981, "percent_covered_display": "98", "missing_lines": 1, "excluded_lines": 0, "percent_statements_covered": 98.11320754716981, "percent_statements_covered_display": "98"}, "missing_lines": [1195], "excluded_lines": [], "start_line": 1}}, "classes": {"DataCleaner": {"executed_lines": [174, 175, 176, 180, 181, 187, 190, 193, 194, 195, 196, 197, 198, 200, 201, 202, 203, 204, 206, 214, 216, 217, 218, 219, 221, 222, 224, 233, 235, 236, 237, 241, 242, 245, 246, 248, 256, 258, 260, 261, 262, 264, 265, 266, 268, 277, 279, 281, 282, 283, 285, 286, 287, 290, 291, 293, 304, 305, 308, 310, 311, 312, 314, 315, 316, 317, 318, 321, 334, 337, 339, 342, 343, 345, 346, 347, 348, 350, 358, 360, 363, 364, 365, 366, 367, 369, 371, 385, 386, 388, 390, 391, 392, 393, 396, 397, 400, 401, 404, 405, 408, 409, 412, 413, 416, 417, 420, 421, 424, 425, 427, 429, 430, 432, 433, 434, 435, 436, 437, 438, 439, 440, 441, 442, 443, 444, 446], "summary": {"covered_lines": 127, "num_statements": 128, "percent_covered": 99.21875, "percent_covered_display": "99", "missing_lines": 1, "excluded_lines": 0, "percent_statements_covered": 99.21875, "percent_statements_covered_display": "99"}, "missing_lines": [319], "excluded_lines": [], "start_line": 126}, "": {"executed_lines": [40, 41, 42, 43, 44, 45, 46, 48, 49, 50, 51, 52, 81, 90, 92, 93, 94, 95, 98, 99, 100, 101, 102, 103, 106, 107, 110, 126, 155, 168, 171, 173, 178, 183, 208, 226, 250, 270, 295, 323, 352, 373, 451, 479, 495, 496, 499, 509, 510, 511, 513, 516, 519, 523, 526, 529, 532, 535, 538, 541, 544, 548, 551, 554, 557, 560, 563, 566, 570, 571, 572, 573, 575, 578, 588, 589, 590, 592, 597, 598, 599, 600, 603, 604, 605, 611, 612, 615, 616, 617, 619, 620, 622, 625, 626, 628, 629, 631, 634, 661, 662, 663, 665, 669, 670, 673, 674, 677, 679, 682, 683, 684, 685, 686, 687, 689, 690, 691, 694, 695, 697, 700, 705, 734, 735, 737, 738, 739, 740, 741, 744, 747, 749, 753, 762, 764, 781, 784, 786, 788, 789, 790, 792, 795, 917, 1007, 1077, 1194], "summary": {"covered_lines": 148, "num_statements": 382, "percent_covered": 38.7434554973822, "percent_covered_display": "39", "missing_lines": 234, "excluded_lines": 0, "percent_statements_covered": 38.7434554973822, "percent_statements_covered_display": "39"}, "missing_lines": [458, 459, 460, 462, 464, 465, 466, 467, 469, 470, 472, 473, 474, 476, 666, 671, 675, 698, 706, 707, 709, 710, 711, 712, 713, 714, 715, 717, 725, 736, 745, 765, 766, 767, 769, 770, 771, 772, 775, 776, 777, 779, 782, 813, 814, 815, 818, 819, 821, 824, 825, 826, 829, 830, 831, 832, 833, 835, 839, 840, 841, 842, 843, 844, 846, 847, 850, 858, 865, 866, 867, 868, 870, 871, 872, 877, 878, 879, 887, 888, 889, 890, 891, 892, 895, 896, 897, 898, 899, 902, 903, 904, 906, 909, 910, 911, 913, 938, 939, 940, 943, 944, 945, 947, 948, 949, 952, 953, 954, 956, 957, 958, 961, 962, 963, 965, 966, 967, 970, 971, 972, 974, 975, 976, 979, 1000, 1001, 1002, 1004, 1021, 1022, 1023, 1024, 1025, 1027, 1028, 1029, 1030, 1031, 1032, 1033, 1034, 1036, 1037, 1038, 1039, 1040, 1041, 1042, 1043, 1044, 1046, 1047, 1048, 1050, 1051, 1052, 1053, 1055, 1056, 1057, 1058, 1060, 1061, 1062, 1063, 1065, 1066, 1067, 1068, 1069, 1070, 1072, 1074, 1079, 1080, 1081, 1082, 1085, 1086, 1087, 1088, 1091, 1092, 1093, 1094, 1097, 1098, 1099, 1100, 1101, 1104, 1105, 1106, 1107, 1108, 1109, 1110, 1113, 1114, 1117, 1123, 1130, 1140, 1147, 1148, 1150, 1153, 1154, 1155, 1156, 1158, 1159, 1167, 1168, 1170, 1171, 1172, 1173, 1175, 1176, 1177, 1178, 1179, 1180, 1181, 1183, 1184, 1185, 1187, 1189, 1190, 1191, 1195], "excluded_lines": [], "start_line": 1}}}, "src\\data\\validate.py": {"executed_lines": [2, 3, 4, 5, 6, 7, 8, 9, 10, 11, 12, 13, 14, 15, 16, 17, 18, 19, 20, 21, 24, 27, 29, 30, 31, 36, 37, 38, 39, 41, 46, 48, 49, 50, 52, 53, 56, 65, 66, 67, 69, 81, 82, 84, 91, 93, 105, 106, 107, 108, 110, 144, 177, 178, 179, 180, 181, 184, 185, 186, 187, 188, 190, 191, 193, 196, 197, 198, 199, 200, 201, 202, 203, 205, 208, 209, 210, 211, 212, 213, 214, 215, 216, 218, 219, 220, 222, 225, 226, 227, 228, 229, 230, 232, 235, 242, 247, 248, 249, 250, 253, 255, 265, 269, 271, 272, 273, 274, 276, 277, 280, 281, 282, 285, 288, 289, 290, 291, 294, 298, 299, 300, 301, 303, 304, 305, 309, 320, 321, 325, 329, 330, 334, 336, 339, 346, 347, 348, 349, 351, 354, 356, 357, 358, 359, 362, 363, 364, 365, 370, 373, 374, 375, 377, 379, 380, 381, 384, 386, 387, 388, 389, 392, 396, 397, 398, 399, 401, 407, 414, 415, 416, 418, 419, 422, 423, 425, 426, 428, 432, 442, 446, 447, 448, 450, 455, 456, 457, 458, 459, 461, 462, 465, 466, 467, 469, 470, 472, 473, 474, 475, 476, 477, 478, 479, 480, 481, 484, 485, 488, 489, 491, 493, 494, 495, 513, 514, 515, 522, 535, 536, 537, 538, 540, 544, 545, 547, 548, 549, 550, 553, 554, 555, 556, 558, 561, 562, 563, 564, 566, 569, 577, 578, 579, 580, 581, 583, 585, 588, 590, 592, 593, 594, 596, 598, 599, 600, 601, 602, 606, 608, 609, 610, 621, 622, 623, 627, 628, 634, 637, 638, 639, 640, 641, 642, 645, 646, 649, 659, 660, 661, 664, 665, 666, 667, 668, 672, 673, 674, 677, 681, 685, 687, 689, 690, 694, 702, 715, 716, 717, 718, 720, 725, 726, 727, 814, 828, 829, 830, 831, 833, 834, 835, 837, 838, 839, 840, 841, 843, 844, 845, 847, 848, 849, 855, 857, 858, 859, 865, 872, 919, 1044, 1057, 1071, 1072, 1073, 1075, 1076, 1077, 1078, 1080, 1081, 1082, 1083, 1085, 1086, 1087, 1088, 1191, 1223, 1231, 1233, 1234, 1236, 1246, 1247, 1248, 1249, 1250, 1251, 1253, 1263, 1267, 1268, 1269, 1271, 1281, 1287, 1288, 1289, 1290, 1293, 1294, 1295, 1296, 1299, 1300, 1301, 1302, 1303, 1305, 1307, 1317, 1318, 1325, 1335, 1341, 1342, 1343, 1344, 1345, 1348, 1349, 1350, 1353, 1356, 1369, 1370, 1372, 1374, 1384, 1385, 1386, 1387, 1388, 1389, 1390, 1391, 1394, 1402, 1403, 1405, 1406, 1408, 1415, 1418], "summary": {"covered_lines": 416, "num_statements": 690, "percent_covered": 60.289855072463766, "percent_covered_display": "60", "missing_lines": 274, "excluded_lines": 0, "percent_statements_covered": 60.289855072463766, "percent_statements_covered_display": "60"}, "missing_lines": [32, 34, 121, 122, 124, 125, 126, 127, 128, 129, 130, 131, 133, 134, 135, 136, 137, 138, 154, 155, 156, 157, 159, 160, 161, 162, 163, 165, 166, 168, 169, 170, 236, 237, 238, 239, 241, 243, 244, 245, 246, 251, 256, 257, 258, 259, 260, 261, 263, 283, 292, 307, 310, 313, 314, 315, 317, 331, 433, 434, 436, 437, 440, 496, 497, 498, 499, 500, 501, 502, 503, 504, 505, 511, 541, 542, 603, 691, 692, 729, 730, 731, 733, 734, 737, 738, 739, 740, 741, 742, 745, 746, 747, 749, 750, 752, 753, 754, 755, 756, 757, 758, 759, 761, 763, 764, 765, 772, 773, 775, 776, 780, 781, 782, 783, 784, 785, 786, 787, 789, 790, 791, 792, 793, 796, 797, 798, 799, 800, 801, 802, 803, 804, 805, 807, 883, 884, 887, 889, 890, 891, 892, 894, 895, 896, 897, 899, 902, 904, 905, 906, 908, 909, 910, 911, 913, 914, 915, 932, 933, 934, 935, 945, 946, 949, 950, 951, 954, 955, 958, 959, 960, 961, 963, 964, 965, 966, 968, 969, 979, 981, 983, 984, 987, 988, 989, 990, 991, 992, 993, 994, 995, 996, 997, 1004, 1005, 1007, 1008, 1009, 1010, 1011, 1012, 1013, 1014, 1015, 1016, 1018, 1019, 1020, 1022, 1031, 1032, 1033, 1035, 1074, 1091, 1093, 1095, 1096, 1097, 1098, 1099, 1100, 1103, 1104, 1110, 1111, 1112, 1115, 1116, 1117, 1128, 1130, 1135, 1136, 1137, 1138, 1139, 1140, 1146, 1149, 1150, 1156, 1158, 1159, 1162, 1163, 1164, 1165, 1169, 1170, 1173, 1178, 1183, 1185, 1202, 1203, 1204, 1205, 1206, 1207, 1208, 1209, 1210, 1211, 1212, 1213, 1214, 1215, 1216, 1218, 1219, 1351, 1419], "excluded_lines": [], "functions": {"get_data_path": {"executed_lines": [29, 30, 31], "summary": {"covered_lines": 3, "num_statements": 5, "percent_covered": 60.0, "percent_covered_display": "60", "missing_lines": 2, "excluded_lines": 0, "percent_statements_covered": 60.0, "percent_statements_covered_display": "60"}, "missing_lines": [32, 34], "excluded_lines": [], "start_line": 27}, "log": {"executed_lines": [65, 66, 67], "summary": {"covered_lines": 3, "num_statements": 3, "percent_covered": 100.0, "percent_covered_display": "100", "missing_lines": 0, "excluded_lines": 0, "percent_statements_covered": 100.0, "percent_statements_covered_display": "100"}, "missing_lines": [], "excluded_lines": [], "start_line": 56}, "issue": {"executed_lines": [81, 82], "summary": {"covered_lines": 2, "num_statements": 2, "percent_covered": 100.0, "percent_covered_display": "100", "missing_lines": 0, "excluded_lines": 0, "percent_statements_covered": 100.0, "percent_statements_covered_display": "100"}, "missing_lines": [], "excluded_lines": [], "start_line": 69}, "to_numeric_safe": {"executed_lines": [91], "summary": {"covered_lines": 1, "num_statements": 1, "percent_covered": 100.0, "percent_covered_display": "100", "missing_lines": 0, "excluded_lines": 0, "percent_statements_covered": 100.0, "percent_statements_covered_display": "100"}, "missing_lines": [], "excluded_lines": [], "start_line": 84}, "column_exists": {"executed_lines": [105, 106, 107, 108], "summary": {"covered_lines": 4, "num_statements": 4, "percent_covered": 100.0, "percent_covered_display": "100", "missing_lines": 0, "excluded_lines": 0, "percent_statements_covered": 100.0, "percent_statements_covered_display": "100"}, "missing_lines": [], "excluded_lines": [], "start_line": 93}, "generate_histogram_image": {"executed_lines": [], "summary": {"covered_lines": 0, "num_statements": 16, "percent_covered": 0.0, "percent_covered_display": "0", "missing_lines": 16, "excluded_lines": 0, "percent_statements_covered": 0.0, "percent_statements_covered_display": "0"}, "missing_lines": [121, 122, 124, 125, 126, 127, 128, 129, 130, 131, 133, 134, 135, 136, 137, 138], "excluded_lines": [], "start_line": 110}, "load_tables": {"executed_lines": [], "summary": {"covered_lines": 0, "num_statements": 14, "percent_covered": 0.0, "percent_covered_display": "0", "missing_lines": 14, "excluded_lines": 0, "percent_statements_covered": 0.0, "percent_statements_covered_display": "0"}, "missing_lines": [154, 155, 156, 157, 159, 160, 161, 162, 163, 165, 166, 168, 169, 170], "excluded_lines": [], "start_line": 144}, "check_accuracy": {"executed_lines": [178, 179, 180, 181, 184, 185, 186, 187, 188, 190, 191, 193, 196, 197, 198, 199, 200, 201, 202, 203, 205, 208, 209, 210, 211, 212, 213, 214, 215, 216, 218, 219, 220, 222, 225, 226, 227, 228, 229, 230, 232, 235, 242, 247, 248, 249, 250, 253, 255, 265], "summary": {"covered_lines": 50, "num_statements": 67, "percent_covered": 74.6268656716418, "percent_covered_display": "75", "missing_lines": 17, "excluded_lines": 0, "percent_statements_covered": 74.6268656716418, "percent_statements_covered_display": "75"}, "missing_lines": [236, 237, 238, 239, 241, 243, 244, 245, 246, 251, 256, 257, 258, 259, 260, 261, 263], "excluded_lines": [], "start_line": 177}, "check_consistency": {"executed_lines": [271, 272, 273, 274, 276, 277, 280, 281, 282, 285, 288, 289, 290, 291, 294, 298, 299, 300, 301, 303, 304, 305, 309, 320, 321, 325, 329, 330, 334, 336], "summary": {"covered_lines": 30, "num_statements": 39, "percent_covered": 76.92307692307692, "percent_covered_display": "77", "missing_lines": 9, "excluded_lines": 0, "percent_statements_covered": 76.92307692307692, "percent_statements_covered_display": "77"}, "missing_lines": [283, 292, 307, 310, 313, 314, 315, 317, 331], "excluded_lines": [], "start_line": 269}, "check_completeness": {"executed_lines": [347, 348, 349, 351, 354, 356, 357, 358, 359, 362, 363, 364, 365, 370, 373, 374, 375, 377, 379, 380, 381, 384, 386, 387, 388, 389, 392, 396, 397, 398, 399, 401], "summary": {"covered_lines": 32, "num_statements": 32, "percent_covered": 100.0, "percent_covered_display": "100", "missing_lines": 0, "excluded_lines": 0, "percent_statements_covered": 100.0, "percent_statements_covered_display": "100"}, "missing_lines": [], "excluded_lines": [], "start_line": 346}, "check_uniqueness": {"executed_lines": [414, 415, 416, 418, 419, 422, 423, 425, 426, 428, 432, 442, 446, 447, 448, 450], "summary": {"covered_lines": 16, "num_statements": 21, "percent_covered": 76.19047619047619, "percent_covered_display": "76", "missing_lines": 5, "excluded_lines": 0, "percent_statements_covered": 76.19047619047619, "percent_statements_covered_display": "76"}, "missing_lines": [433, 434, 436, 437, 440], "excluded_lines": [], "start_line": 407}, "check_outliers": {"executed_lines": [456, 457, 458, 459, 461, 462, 465, 466, 467, 469, 470, 472, 473, 474, 475, 476, 477, 478, 479, 480, 481, 484, 485, 488, 489, 491, 493, 494, 495, 513, 514, 515], "summary": {"covered_lines": 32, "num_statements": 43, "percent_covered": 74.4186046511628, "percent_covered_display": "74", "missing_lines": 11, "excluded_lines": 0, "percent_statements_covered": 74.4186046511628, "percent_statements_covered_display": "74"}, "missing_lines": [496, 497, 498, 499, 500, 501, 502, 503, 504, 505, 511], "excluded_lines": [], "start_line": 455}, "check_timeliness": {"executed_lines": [535, 536, 537, 538, 540, 544, 545, 547, 548, 549, 550, 553, 554, 555, 556, 558, 561, 562, 563, 564, 566, 569], "summary": {"covered_lines": 22, "num_statements": 24, "percent_covered": 91.66666666666667, "percent_covered_display": "92", "missing_lines": 2, "excluded_lines": 0, "percent_statements_covered": 91.66666666666667, "percent_statements_covered_display": "92"}, "missing_lines": [541, 542], "excluded_lines": [], "start_line": 522}, "check_distribution": {"executed_lines": [578, 579, 580, 581, 583, 585, 588, 590, 592, 593, 594, 596, 598, 599, 600, 601, 602, 606, 608, 609, 610, 621, 622, 623, 627, 628, 634, 637, 638, 639, 640, 641, 642, 645, 646, 649, 659, 660, 661, 664, 665, 666, 667, 668, 672, 673, 674, 677, 681, 685, 687, 689, 690, 694], "summary": {"covered_lines": 54, "num_statements": 57, "percent_covered": 94.73684210526316, "percent_covered_display": "95", "missing_lines": 3, "excluded_lines": 0, "percent_statements_covered": 94.73684210526316, "percent_statements_covered_display": "95"}, "missing_lines": [603, 691, 692], "excluded_lines": [], "start_line": 577}, "check_relationships": {"executed_lines": [715, 716, 717, 718, 720, 725, 726, 727], "summary": {"covered_lines": 8, "num_statements": 64, "percent_covered": 12.5, "percent_covered_display": "12", "missing_lines": 56, "excluded_lines": 0, "percent_statements_covered": 12.5, "percent_statements_covered_display": "12"}, "missing_lines": [729, 730, 731, 733, 734, 737, 738, 739, 740, 741, 742, 745, 746, 747, 749, 750, 752, 753, 754, 755, 756, 757, 758, 759, 761, 763, 764, 765, 772, 773, 775, 776, 780, 781, 782, 783, 784, 785, 786, 787, 789, 790, 791, 792, 793, 796, 797, 798, 799, 800, 801, 802, 803, 804, 805, 807], "excluded_lines": [], "start_line": 702}, "check_join_integrity": {"executed_lines": [828, 829, 830, 831, 833, 834, 835, 837, 838, 839, 840, 841, 843, 844, 845, 847, 848, 849, 855, 857, 858, 859, 865], "summary": {"covered_lines": 23, "num_statements": 23, "percent_covered": 100.0, "percent_covered_display": "100", "missing_lines": 0, "excluded_lines": 0, "percent_statements_covered": 100.0, "percent_statements_covered_display": "100"}, "missing_lines": [], "excluded_lines": [], "start_line": 814}, "save_outputs": {"executed_lines": [], "summary": {"covered_lines": 0, "num_statements": 23, "percent_covered": 0.0, "percent_covered_display": "0", "missing_lines": 23, "excluded_lines": 0, "percent_statements_covered": 0.0, "percent_statements_covered_display": "0"}, "missing_lines": [883, 884, 887, 889, 890, 891, 892, 894, 895, 896, 897, 899, 902, 904, 905, 906, 908, 909, 910, 911, 913, 914, 915], "excluded_lines": [], "start_line": 872}, "generate_pdf_report": {"executed_lines": [], "summary": {"covered_lines": 0, "num_statements": 56, "percent_covered": 0.0, "percent_covered_display": "0", "missing_lines": 56, "excluded_lines": 0, "percent_statements_covered": 0.0, "percent_statements_covered_display": "0"}, "missing_lines": [932, 933, 934, 935, 945, 946, 949, 950, 951, 954, 955, 958, 959, 960, 961, 963, 964, 965, 966, 968, 969, 979, 981, 983, 984, 987, 988, 989, 990, 991, 992, 993, 994, 995, 996, 997, 1004, 1005, 1007, 1008, 1009, 1010, 1011, 1012, 1013, 1014, 1015, 1016, 1018, 1019, 1020, 1022, 1031, 1032, 1033, 1035], "excluded_lines": [], "start_line": 919}, "check_weather_distribution": {"executed_lines": [1073, 1075, 1076, 1077, 1078, 1080, 1081, 1082, 1083, 1085, 1086, 1087, 1088], "summary": {"covered_lines": 13, "num_statements": 54, "percent_covered": 24.074074074074073, "percent_covered_display": "24", "missing_lines": 41, "excluded_lines": 0, "percent_statements_covered": 24.074074074074073, "percent_statements_covered_display": "24"}, "missing_lines": [1074, 1091, 1093, 1095, 1096, 1097, 1098, 1099, 1100, 1103, 1104, 1110, 1111, 1112, 1115, 1116, 1117, 1128, 1130, 1135, 1136, 1137, 1138, 1139, 1140, 1146, 1149, 1150, 1156, 1158, 1159, 1162, 1163, 1164, 1165, 1169, 1170, 1173, 1178, 1183, 1185], "excluded_lines": [], "start_line": 1072}, "main": {"executed_lines": [], "summary": {"covered_lines": 0, "num_statements": 17, "percent_covered": 0.0, "percent_covered_display": "0", "missing_lines": 17, "excluded_lines": 0, "percent_statements_covered": 0.0, "percent_statements_covered_display": "0"}, "missing_lines": [1202, 1203, 1204, 1205, 1206, 1207, 1208, 1209, 1210, 1211, 1212, 1213, 1214, 1215, 1216, 1218, 1219], "excluded_lines": [], "start_line": 1191}, "DataValidator.__init__": {"executed_lines": [1233, 1234], "summary": {"covered_lines": 2, "num_statements": 2, "percent_covered": 100.0, "percent_covered_display": "100", "missing_lines": 0, "excluded_lines": 0, "percent_statements_covered": 100.0, "percent_statements_covered_display": "100"}, "missing_lines": [], "excluded_lines": [], "start_line": 1231}, "DataValidator.validate_missing_values": {"executed_lines": [1246, 1247, 1248, 1249, 1250, 1251], "summary": {"covered_lines": 6, "num_statements": 6, "percent_covered": 100.0, "percent_covered_display": "100", "missing_lines": 0, "excluded_lines": 0, "percent_statements_covered": 100.0, "percent_statements_covered_display": "100"}, "missing_lines": [], "excluded_lines": [], "start_line": 1236}, "DataValidator.validate_data_types": {"executed_lines": [1263, 1267, 1268, 1269], "summary": {"covered_lines": 4, "num_statements": 4, "percent_covered": 100.0, "percent_covered_display": "100", "missing_lines": 0, "excluded_lines": 0, "percent_statements_covered": 100.0, "percent_statements_covered_display": "100"}, "missing_lines": [], "excluded_lines": [], "start_line": 1253}, "DataValidator.validate_value_ranges": {"executed_lines": [1281, 1287, 1288, 1289, 1290, 1293, 1294, 1295, 1296, 1299, 1300, 1301, 1302, 1303, 1305], "summary": {"covered_lines": 15, "num_statements": 15, "percent_covered": 100.0, "percent_covered_display": "100", "missing_lines": 0, "excluded_lines": 0, "percent_statements_covered": 100.0, "percent_statements_covered_display": "100"}, "missing_lines": [], "excluded_lines": [], "start_line": 1271}, "DataValidator.validate_duplicates": {"executed_lines": [1317, 1318], "summary": {"covered_lines": 2, "num_statements": 2, "percent_covered": 100.0, "percent_covered_display": "100", "missing_lines": 0, "excluded_lines": 0, "percent_statements_covered": 100.0, "percent_statements_covered_display": "100"}, "missing_lines": [], "excluded_lines": [], "start_line": 1307}, "DataValidator.validate_business_rules": {"executed_lines": [1335, 1341, 1342, 1343, 1344, 1345, 1348, 1349, 1350, 1353], "summary": {"covered_lines": 10, "num_statements": 11, "percent_covered": 90.9090909090909, "percent_covered_display": "91", "missing_lines": 1, "excluded_lines": 0, "percent_statements_covered": 90.9090909090909, "percent_statements_covered_display": "91"}, "missing_lines": [1351], "excluded_lines": [], "start_line": 1325}, "validate_dataset": {"executed_lines": [1369, 1370, 1372, 1374, 1384, 1385, 1386, 1387, 1388, 1389, 1390, 1391, 1394, 1402, 1403, 1405, 1406, 1408, 1415], "summary": {"covered_lines": 19, "num_statements": 19, "percent_covered": 100.0, "percent_covered_display": "100", "missing_lines": 0, "excluded_lines": 0, "percent_statements_covered": 100.0, "percent_statements_covered_display": "100"}, "missing_lines": [], "excluded_lines": [], "start_line": 1356}, "": {"executed_lines": [2, 3, 4, 5, 6, 7, 8, 9, 10, 11, 12, 13, 14, 15, 16, 17, 18, 19, 20, 21, 24, 27, 36, 37, 38, 39, 41, 46, 48, 49, 50, 52, 53, 56, 69, 84, 93, 110, 144, 177, 269, 339, 346, 407, 455, 522, 577, 702, 814, 872, 919, 1044, 1057, 1071, 1072, 1191, 1223, 1231, 1236, 1253, 1271, 1307, 1325, 1356, 1418], "summary": {"covered_lines": 65, "num_statements": 66, "percent_covered": 98.48484848484848, "percent_covered_display": "98", "missing_lines": 1, "excluded_lines": 0, "percent_statements_covered": 98.48484848484848, "percent_statements_covered_display": "98"}, "missing_lines": [1419], "excluded_lines": [], "start_line": 1}}, "classes": {"DataValidator": {"executed_lines": [1233, 1234, 1246, 1247, 1248, 1249, 1250, 1251, 1263, 1267, 1268, 1269, 1281, 1287, 1288, 1289, 1290, 1293, 1294, 1295, 1296, 1299, 1300, 1301, 1302, 1303, 1305, 1317, 1318, 1335, 1341, 1342, 1343, 1344, 1345, 1348, 1349, 1350, 1353], "summary": {"covered_lines": 39, "num_statements": 40, "percent_covered": 97.5, "percent_covered_display": "98", "missing_lines": 1, "excluded_lines": 0, "percent_statements_covered": 97.5, "percent_statements_covered_display": "98"}, "missing_lines": [1351], "excluded_lines": [], "start_line": 1223}, "": {"executed_lines": [2, 3, 4, 5, 6, 7, 8, 9, 10, 11, 12, 13, 14, 15, 16, 17, 18, 19, 20, 21, 24, 27, 29, 30, 31, 36, 37, 38, 39, 41, 46, 48, 49, 50, 52, 53, 56, 65, 66, 67, 69, 81, 82, 84, 91, 93, 105, 106, 107, 108, 110, 144, 177, 178, 179, 180, 181, 184, 185, 186, 187, 188, 190, 191, 193, 196, 197, 198, 199, 200, 201, 202, 203, 205, 208, 209, 210, 211, 212, 213, 214, 215, 216, 218, 219, 220, 222, 225, 226, 227, 228, 229, 230, 232, 235, 242, 247, 248, 249, 250, 253, 255, 265, 269, 271, 272, 273, 274, 276, 277, 280, 281, 282, 285, 288, 289, 290, 291, 294, 298, 299, 300, 301, 303, 304, 305, 309, 320, 321, 325, 329, 330, 334, 336, 339, 346, 347, 348, 349, 351, 354, 356, 357, 358, 359, 362, 363, 364, 365, 370, 373, 374, 375, 377, 379, 380, 381, 384, 386, 387, 388, 389, 392, 396, 397, 398, 399, 401, 407, 414, 415, 416, 418, 419, 422, 423, 425, 426, 428, 432, 442, 446, 447, 448, 450, 455, 456, 457, 458, 459, 461, 462, 465, 466, 467, 469, 470, 472, 473, 474, 475, 476, 477, 478, 479, 480, 481, 484, 485, 488, 489, 491, 493, 494, 495, 513, 514, 515, 522, 535, 536, 537, 538, 540, 544, 545, 547, 548, 549, 550, 553, 554, 555, 556, 558, 561, 562, 563, 564, 566, 569, 577, 578, 579, 580, 581, 583, 585, 588, 590, 592, 593, 594, 596, 598, 599, 600, 601, 602, 606, 608, 609, 610, 621, 622, 623, 627, 628, 634, 637, 638, 639, 640, 641, 642, 645, 646, 649, 659, 660, 661, 664, 665, 666, 667, 668, 672, 673, 674, 677, 681, 685, 687, 689, 690, 694, 702, 715, 716, 717, 718, 720, 725, 726, 727, 814, 828, 829, 830, 831, 833, 834, 835, 837, 838, 839, 840, 841, 843, 844, 845, 847, 848, 849, 855, 857, 858, 859, 865, 872, 919, 1044, 1057, 1071, 1072, 1073, 1075, 1076, 1077, 1078, 1080, 1081, 1082, 1083, 1085, 1086, 1087, 1088, 1191, 1223, 1231, 1236, 1253, 1271, 1307, 1325, 1356, 1369, 1370, 1372, 1374, 1384, 1385, 1386, 1387, 1388, 1389, 1390, 1391, 1394, 1402, 1403, 1405, 1406, 1408, 1415, 1418], "summary": {"covered_lines": 377, "num_statements": 650, "percent_covered": 58.0, "percent_covered_display": "58", "missing_lines": 273, "excluded_lines": 0, "percent_statements_covered": 58.0, "percent_statements_covered_display": "58"}, "missing_lines": [32, 34, 121, 122, 124, 125, 126, 127, 128, 129, 130, 131, 133, 134, 135, 136, 137, 138, 154, 155, 156, 157, 159, 160, 161, 162, 163, 165, 166, 168, 169, 170, 236, 237, 238, 239, 241, 243, 244, 245, 246, 251, 256, 257, 258, 259, 260, 261, 263, 283, 292, 307, 310, 313, 314, 315, 317, 331, 433, 434, 436, 437, 440, 496, 497, 498, 499, 500, 501, 502, 503, 504, 505, 511, 541, 542, 603, 691, 692, 729, 730, 731, 733, 734, 737, 738, 739, 740, 741, 742, 745, 746, 747, 749, 750, 752, 753, 754, 755, 756, 757, 758, 759, 761, 763, 764, 765, 772, 773, 775, 776, 780, 781, 782, 783, 784, 785, 786, 787, 789, 790, 791, 792, 793, 796, 797, 798, 799, 800, 801, 802, 803, 804, 805, 807, 883, 884, 887, 889, 890, 891, 892, 894, 895, 896, 897, 899, 902, 904, 905, 906, 908, 909, 910, 911, 913, 914, 915, 932, 933, 934, 935, 945, 946, 949, 950, 951, 954, 955, 958, 959, 960, 961, 963, 964, 965, 966, 968, 969, 979, 981, 983, 984, 987, 988, 989, 990, 991, 992, 993, 994, 995, 996, 997, 1004, 1005, 1007, 1008, 1009, 1010, 1011, 1012, 1013, 1014, 1015, 1016, 1018, 1019, 1020, 1022, 1031, 1032, 1033, 1035, 1074, 1091, 1093, 1095, 1096, 1097, 1098, 1099, 1100, 1103, 1104, 1110, 1111, 1112, 1115, 1116, 1117, 1128, 1130, 1135, 1136, 1137, 1138, 1139, 1140, 1146, 1149, 1150, 1156, 1158, 1159, 1162, 1163, 1164, 1165, 1169, 1170, 1173, 1178, 1183, 1185, 1202, 1203, 1204, 1205, 1206, 1207, 1208, 1209, 1210, 1211, 1212, 1213, 1214, 1215, 1216, 1218, 1219, 1419], "excluded_lines": [], "start_line": 1}}}, "src\\features\\build_features.py": {"executed_lines": [22, 23, 24, 25, 26, 27, 28, 29, 30, 31, 32, 33, 34, 36, 39, 54, 56, 58, 59, 60, 62, 63, 64, 66, 67, 69, 71, 74, 91, 94, 95, 96, 99, 100, 103, 104, 105, 106, 109, 113, 115, 116, 119, 132, 134, 136, 137, 140, 142, 143, 145, 146, 149, 162, 164, 165, 173, 174, 176, 177, 180, 193, 195, 197, 198, 199, 201, 202, 205, 218, 220, 222, 223, 224, 226, 227, 230, 243, 245, 247, 248, 249, 251, 252, 255, 270, 273, 276, 277, 280, 281, 284, 285, 287, 288, 291, 307, 310, 311, 317, 323, 324, 327, 331, 332, 335, 342, 343, 345, 346, 349, 363, 366, 367, 368, 371, 372, 373, 376, 377, 380, 387, 390, 391, 393, 394, 397, 414, 420, 421, 424, 426, 430, 431, 434, 435, 436, 438, 440, 441, 446, 449, 450, 452, 453, 456, 473, 476, 477, 487, 488, 491, 492, 496, 497, 500, 501, 502, 503, 506, 507, 512, 513, 514, 517, 518, 523, 524, 526, 527, 530, 545, 548, 549, 554, 555, 556, 559, 560, 561, 562, 563, 566, 567, 570, 571, 572, 574, 575, 578, 591, 593, 594, 606, 611, 612, 613, 614, 616, 617, 620, 635, 638, 652, 663, 674, 675, 678, 691, 693, 694, 700, 701, 702, 704, 705, 708, 726, 730, 748, 750, 751, 752, 753, 754, 755, 757, 758, 760, 761, 762, 763, 764, 767, 769, 770, 771, 772, 773, 774, 776, 777, 779, 780, 781, 782, 783, 786, 787, 788, 789, 791, 792, 795, 810, 814, 816, 817, 820, 821, 822, 825, 826, 827, 830, 831, 832, 834, 835, 838, 859, 860, 863, 864, 865, 867, 868, 869, 871, 872, 873, 874, 875, 877, 878, 880, 881, 889, 890, 891, 892, 893, 894, 896, 897, 898, 900, 902, 905, 919, 922, 925, 928, 929, 931, 932, 934, 936, 940, 941, 942, 943, 946, 947, 948, 949, 951, 952, 955, 971, 972, 974, 975, 977, 978, 981, 983, 985, 986, 987, 988, 991, 992, 993, 995, 996, 999, 1029, 1073, 1104, 1105, 1108, 1115, 1119, 1124, 1125, 1127, 1130, 1131, 1132, 1133, 1134, 1135, 1136, 1137, 1140, 1141, 1142, 1143, 1145, 1146, 1147, 1152, 1153, 1155, 1157, 1158, 1162, 1178, 1179, 1181, 1182, 1184, 1187, 1206, 1207, 1210, 1211, 1212, 1214, 1216, 1217, 1219, 1222, 1257, 1259, 1262, 1263, 1264, 1265, 1271, 1276, 1277, 1278, 1279, 1280, 1281, 1282, 1285, 1286, 1287, 1289, 1295, 1297, 1301, 1304, 1307, 1308, 1318, 1325, 1328, 1330, 1331, 1332, 1335, 1336, 1337, 1338, 1339, 1340, 1343, 1349, 1350, 1354, 1355, 1365, 1366, 1388, 1391, 1399, 1401, 1404, 1405, 1406, 1407, 1408, 1414, 1415, 1426, 1430, 1431, 1432, 1433, 1435, 1436, 1438], "summary": {"covered_lines": 446, "num_statements": 543, "percent_covered": 82.13627992633518, "percent_covered_display": "82", "missing_lines": 97, "excluded_lines": 0, "percent_statements_covered": 82.13627992633518, "percent_statements_covered_display": "82"}, "missing_lines": [313, 314, 318, 329, 337, 427, 428, 437, 442, 639, 648, 649, 653, 658, 659, 660, 664, 670, 671, 672, 732, 733, 734, 735, 737, 738, 741, 742, 744, 745, 979, 1013, 1015, 1016, 1018, 1019, 1020, 1021, 1023, 1024, 1026, 1045, 1047, 1049, 1050, 1051, 1052, 1054, 1056, 1057, 1061, 1062, 1063, 1064, 1066, 1067, 1069, 1070, 1149, 1150, 1260, 1290, 1291, 1292, 1293, 1309, 1310, 1311, 1314, 1315, 1320, 1321, 1322, 1344, 1345, 1346, 1347, 1368, 1369, 1370, 1371, 1374, 1375, 1383, 1385, 1409, 1410, 1411, 1416, 1417, 1419, 1420, 1421, 1423, 1424, 1427, 1428], "excluded_lines": [], "functions": {"encode_target_variable": {"executed_lines": [54, 56, 58, 59, 60, 62, 63, 64, 66, 67, 69, 71], "summary": {"covered_lines": 12, "num_statements": 12, "percent_covered": 100.0, "percent_covered_display": "100", "missing_lines": 0, "excluded_lines": 0, "percent_statements_covered": 100.0, "percent_statements_covered_display": "100"}, "missing_lines": [], "excluded_lines": [], "start_line": 39}, "create_temporal_features": {"executed_lines": [91, 94, 95, 96, 99, 100, 103, 104, 105, 106, 109, 113, 115, 116], "summary": {"covered_lines": 14, "num_statements": 14, "percent_covered": 100.0, "percent_covered_display": "100", "missing_lines": 0, "excluded_lines": 0, "percent_statements_covered": 100.0, "percent_statements_covered_display": "100"}, "missing_lines": [], "excluded_lines": [], "start_line": 74}, "create_lighting_features": {"executed_lines": [132, 134, 136, 137, 140, 142, 143, 145, 146], "summary": {"covered_lines": 9, "num_statements": 9, "percent_covered": 100.0, "percent_covered_display": "100", "missing_lines": 0, "excluded_lines": 0, "percent_statements_covered": 100.0, "percent_statements_covered_display": "100"}, "missing_lines": [], "excluded_lines": [], "start_line": 119}, "encode_road_type_features": {"executed_lines": [162, 164, 165, 173, 174, 176, 177], "summary": {"covered_lines": 7, "num_statements": 7, "percent_covered": 100.0, "percent_covered_display": "100", "missing_lines": 0, "excluded_lines": 0, "percent_statements_covered": 100.0, "percent_statements_covered_display": "100"}, "missing_lines": [], "excluded_lines": [], "start_line": 149}, "encode_road_surface_features": {"executed_lines": [193, 195, 197, 198, 199, 201, 202], "summary": {"covered_lines": 7, "num_statements": 7, "percent_covered": 100.0, "percent_covered_display": "100", "missing_lines": 0, "excluded_lines": 0, "percent_statements_covered": 100.0, "percent_statements_covered_display": "100"}, "missing_lines": [], "excluded_lines": [], "start_line": 180}, "encode_weather_condition_features": {"executed_lines": [218, 220, 222, 223, 224, 226, 227], "summary": {"covered_lines": 7, "num_statements": 7, "percent_covered": 100.0, "percent_covered_display": "100", "missing_lines": 0, "excluded_lines": 0, "percent_statements_covered": 100.0, "percent_statements_covered_display": "100"}, "missing_lines": [], "excluded_lines": [], "start_line": 205}, "encode_urban_rural_features": {"executed_lines": [243, 245, 247, 248, 249, 251, 252], "summary": {"covered_lines": 7, "num_statements": 7, "percent_covered": 100.0, "percent_covered_display": "100", "missing_lines": 0, "excluded_lines": 0, "percent_statements_covered": 100.0, "percent_statements_covered_display": "100"}, "missing_lines": [], "excluded_lines": [], "start_line": 230}, "create_weather_features": {"executed_lines": [270, 273, 276, 277, 280, 281, 284, 285, 287, 288], "summary": {"covered_lines": 10, "num_statements": 10, "percent_covered": 100.0, "percent_covered_display": "100", "missing_lines": 0, "excluded_lines": 0, "percent_statements_covered": 100.0, "percent_statements_covered_display": "100"}, "missing_lines": [], "excluded_lines": [], "start_line": 255}, "create_weather_composite_features": {"executed_lines": [307, 310, 311, 317, 323, 324, 327, 331, 332, 335, 342, 343, 345, 346], "summary": {"covered_lines": 14, "num_statements": 19, "percent_covered": 73.6842105263158, "percent_covered_display": "74", "missing_lines": 5, "excluded_lines": 0, "percent_statements_covered": 73.6842105263158, "percent_statements_covered_display": "74"}, "missing_lines": [313, 314, 318, 329, 337], "excluded_lines": [], "start_line": 291}, "create_road_risk_features": {"executed_lines": [363, 366, 367, 368, 371, 372, 373, 376, 377, 380, 387, 390, 391, 393, 394], "summary": {"covered_lines": 15, "num_statements": 15, "percent_covered": 100.0, "percent_covered_display": "100", "missing_lines": 0, "excluded_lines": 0, "percent_statements_covered": 100.0, "percent_statements_covered_display": "100"}, "missing_lines": [], "excluded_lines": [], "start_line": 349}, "create_vehicle_features": {"executed_lines": [414, 420, 421, 424, 426, 430, 431, 434, 435, 440, 441, 446, 449, 450, 452, 453], "summary": {"covered_lines": 16, "num_statements": 19, "percent_covered": 84.21052631578948, "percent_covered_display": "84", "missing_lines": 3, "excluded_lines": 0, "percent_statements_covered": 84.21052631578948, "percent_statements_covered_display": "84"}, "missing_lines": [427, 428, 442], "excluded_lines": [], "start_line": 397}, "create_vehicle_features.count_motorcycles": {"executed_lines": [436, 438], "summary": {"covered_lines": 2, "num_statements": 3, "percent_covered": 66.66666666666667, "percent_covered_display": "67", "missing_lines": 1, "excluded_lines": 0, "percent_statements_covered": 66.66666666666667, "percent_statements_covered_display": "67"}, "missing_lines": [437], "excluded_lines": [], "start_line": 435}, "encode_vehicle_attributes": {"executed_lines": [473, 476, 477, 487, 488, 491, 492, 496, 497, 500, 501, 502, 503, 506, 507, 512, 513, 514, 517, 518, 523, 524, 526, 527], "summary": {"covered_lines": 24, "num_statements": 24, "percent_covered": 100.0, "percent_covered_display": "100", "missing_lines": 0, "excluded_lines": 0, "percent_statements_covered": 100.0, "percent_statements_covered_display": "100"}, "missing_lines": [], "excluded_lines": [], "start_line": 456}, "encode_driver_features": {"executed_lines": [545, 548, 549, 554, 555, 556, 559, 560, 561, 562, 563, 566, 567, 570, 571, 572, 574, 575], "summary": {"covered_lines": 18, "num_statements": 18, "percent_covered": 100.0, "percent_covered_display": "100", "missing_lines": 0, "excluded_lines": 0, "percent_statements_covered": 100.0, "percent_statements_covered_display": "100"}, "missing_lines": [], "excluded_lines": [], "start_line": 530}, "encode_manoeuvre_features": {"executed_lines": [591, 593, 594, 606, 611, 612, 613, 614, 616, 617], "summary": {"covered_lines": 10, "num_statements": 10, "percent_covered": 100.0, "percent_covered_display": "100", "missing_lines": 0, "excluded_lines": 0, "percent_statements_covered": 100.0, "percent_statements_covered_display": "100"}, "missing_lines": [], "excluded_lines": [], "start_line": 578}, "encode_junction_features": {"executed_lines": [635, 638, 652, 663, 674, 675], "summary": {"covered_lines": 6, "num_statements": 17, "percent_covered": 35.294117647058826, "percent_covered_display": "35", "missing_lines": 11, "excluded_lines": 0, "percent_statements_covered": 35.294117647058826, "percent_statements_covered_display": "35"}, "missing_lines": [639, 648, 649, 653, 658, 659, 660, 664, 670, 671, 672], "excluded_lines": [], "start_line": 620}, "encode_journey_features": {"executed_lines": [691, 693, 694, 700, 701, 702, 704, 705], "summary": {"covered_lines": 8, "num_statements": 8, "percent_covered": 100.0, "percent_covered_display": "100", "missing_lines": 0, "excluded_lines": 0, "percent_statements_covered": 100.0, "percent_statements_covered_display": "100"}, "missing_lines": [], "excluded_lines": [], "start_line": 678}, "encode_administrative_features": {"executed_lines": [726, 730, 748, 750, 751, 752, 753, 754, 755, 757, 758, 760, 761, 762, 763, 764, 767, 769, 770, 771, 772, 773, 774, 776, 777, 779, 780, 781, 782, 783, 786, 787, 788, 789, 791, 792], "summary": {"covered_lines": 36, "num_statements": 46, "percent_covered": 78.26086956521739, "percent_covered_display": "78", "missing_lines": 10, "excluded_lines": 0, "percent_statements_covered": 78.26086956521739, "percent_statements_covered_display": "78"}, "missing_lines": [732, 733, 734, 735, 737, 738, 741, 742, 744, 745], "excluded_lines": [], "start_line": 708}, "create_interaction_features": {"executed_lines": [810, 814, 816, 817, 820, 821, 822, 825, 826, 827, 830, 831, 832, 834, 835], "summary": {"covered_lines": 15, "num_statements": 15, "percent_covered": 100.0, "percent_covered_display": "100", "missing_lines": 0, "excluded_lines": 0, "percent_statements_covered": 100.0, "percent_statements_covered_display": "100"}, "missing_lines": [], "excluded_lines": [], "start_line": 795}, "detect_and_handle_outliers": {"executed_lines": [859, 860, 863, 864, 865, 867, 868, 869, 871, 872, 873, 874, 875, 877, 878, 880, 881, 889, 890, 891, 892, 893, 894, 896, 897, 898, 900, 902], "summary": {"covered_lines": 28, "num_statements": 28, "percent_covered": 100.0, "percent_covered_display": "100", "missing_lines": 0, "excluded_lines": 0, "percent_statements_covered": 100.0, "percent_statements_covered_display": "100"}, "missing_lines": [], "excluded_lines": [], "start_line": 838}, "handle_missing_values": {"executed_lines": [919, 922, 925, 928, 929, 931, 932, 934, 936, 940, 941, 942, 943, 946, 947, 948, 949, 951, 952], "summary": {"covered_lines": 19, "num_statements": 19, "percent_covered": 100.0, "percent_covered_display": "100", "missing_lines": 0, "excluded_lines": 0, "percent_statements_covered": 100.0, "percent_statements_covered_display": "100"}, "missing_lines": [], "excluded_lines": [], "start_line": 905}, "encode_categorical_features": {"executed_lines": [971, 972, 974, 975, 977, 978, 981, 983, 985, 986, 987, 988, 991, 992, 993, 995, 996], "summary": {"covered_lines": 17, "num_statements": 18, "percent_covered": 94.44444444444444, "percent_covered_display": "94", "missing_lines": 1, "excluded_lines": 0, "percent_statements_covered": 94.44444444444444, "percent_statements_covered_display": "94"}, "missing_lines": [979], "excluded_lines": [], "start_line": 955}, "scale_numerical_features": {"executed_lines": [], "summary": {"covered_lines": 0, "num_statements": 10, "percent_covered": 0.0, "percent_covered_display": "0", "missing_lines": 10, "excluded_lines": 0, "percent_statements_covered": 0.0, "percent_statements_covered_display": "0"}, "missing_lines": [1013, 1015, 1016, 1018, 1019, 1020, 1021, 1023, 1024, 1026], "excluded_lines": [], "start_line": 999}, "select_features_statistical": {"executed_lines": [], "summary": {"covered_lines": 0, "num_statements": 17, "percent_covered": 0.0, "percent_covered_display": "0", "missing_lines": 17, "excluded_lines": 0, "percent_statements_covered": 0.0, "percent_statements_covered_display": "0"}, "missing_lines": [1045, 1047, 1049, 1050, 1051, 1052, 1054, 1056, 1057, 1061, 1062, 1063, 1064, 1066, 1067, 1069, 1070], "excluded_lines": [], "start_line": 1029}, "select_features_model_based": {"executed_lines": [1104, 1105, 1108, 1115, 1119, 1124, 1125, 1127, 1130, 1131, 1132, 1133, 1134, 1135, 1136, 1137, 1140, 1141, 1142, 1143, 1145, 1146, 1147, 1152, 1153, 1155, 1157, 1158], "summary": {"covered_lines": 28, "num_statements": 30, "percent_covered": 93.33333333333333, "percent_covered_display": "93", "missing_lines": 2, "excluded_lines": 0, "percent_statements_covered": 93.33333333333333, "percent_statements_covered_display": "93"}, "missing_lines": [1149, 1150], "excluded_lines": [], "start_line": 1073}, "apply_smote": {"executed_lines": [1178, 1179, 1181, 1182, 1184], "summary": {"covered_lines": 5, "num_statements": 5, "percent_covered": 100.0, "percent_covered_display": "100", "missing_lines": 0, "excluded_lines": 0, "percent_statements_covered": 100.0, "percent_statements_covered_display": "100"}, "missing_lines": [], "excluded_lines": [], "start_line": 1162}, "apply_smote_tomek": {"executed_lines": [1206, 1207, 1210, 1211, 1212, 1214, 1216, 1217, 1219], "summary": {"covered_lines": 9, "num_statements": 9, "percent_covered": 100.0, "percent_covered_display": "100", "missing_lines": 0, "excluded_lines": 0, "percent_statements_covered": 100.0, "percent_statements_covered_display": "100"}, "missing_lines": [], "excluded_lines": [], "start_line": 1187}, "select_features_rfecv": {"executed_lines": [1257, 1259, 1262, 1263, 1264, 1265, 1271, 1276, 1277, 1278, 1279, 1280, 1281, 1282, 1285, 1286, 1287, 1289, 1295, 1297, 1301, 1304, 1307, 1308, 1318, 1325, 1328, 1330, 1331, 1332, 1335, 1336, 1337, 1338, 1339, 1340, 1343, 1349, 1350, 1354, 1355, 1365, 1366, 1388, 1391, 1399, 1401, 1404, 1405, 1406, 1407, 1408, 1414, 1415, 1426, 1430, 1431, 1432, 1433, 1435, 1436, 1438], "summary": {"covered_lines": 62, "num_statements": 99, "percent_covered": 62.62626262626262, "percent_covered_display": "63", "missing_lines": 37, "excluded_lines": 0, "percent_statements_covered": 62.62626262626262, "percent_statements_covered_display": "63"}, "missing_lines": [1260, 1290, 1291, 1292, 1293, 1309, 1310, 1311, 1314, 1315, 1320, 1321, 1322, 1344, 1345, 1346, 1347, 1368, 1369, 1370, 1371, 1374, 1375, 1383, 1385, 1409, 1410, 1411, 1416, 1417, 1419, 1420, 1421, 1423, 1424, 1427, 1428], "excluded_lines": [], "start_line": 1222}, "": {"executed_lines": [22, 23, 24, 25, 26, 27, 28, 29, 30, 31, 32, 33, 34, 36, 39, 74, 119, 149, 180, 205, 230, 255, 291, 349, 397, 456, 530, 578, 620, 678, 708, 795, 838, 905, 955, 999, 1029, 1073, 1162, 1187, 1222], "summary": {"covered_lines": 41, "num_statements": 41, "percent_covered": 100.0, "percent_covered_display": "100", "missing_lines": 0, "excluded_lines": 0, "percent_statements_covered": 100.0, "percent_statements_covered_display": "100"}, "missing_lines": [], "excluded_lines": [], "start_line": 1}}, "classes": {"": {"executed_lines": [22, 23, 24, 25, 26, 27, 28, 29, 30, 31, 32, 33, 34, 36, 39, 54, 56, 58, 59, 60, 62, 63, 64, 66, 67, 69, 71, 74, 91, 94, 95, 96, 99, 100, 103, 104, 105, 106, 109, 113, 115, 116, 119, 132, 134, 136, 137, 140, 142, 143, 145, 146, 149, 162, 164, 165, 173, 174, 176, 177, 180, 193, 195, 197, 198, 199, 201, 202, 205, 218, 220, 222, 223, 224, 226, 227, 230, 243, 245, 247, 248, 249, 251, 252, 255, 270, 273, 276, 277, 280, 281, 284, 285, 287, 288, 291, 307, 310, 311, 317, 323, 324, 327, 331, 332, 335, 342, 343, 345, 346, 349, 363, 366, 367, 368, 371, 372, 373, 376, 377, 380, 387, 390, 391, 393, 394, 397, 414, 420, 421, 424, 426, 430, 431, 434, 435, 436, 438, 440, 441, 446, 449, 450, 452, 453, 456, 473, 476, 477, 487, 488, 491, 492, 496, 497, 500, 501, 502, 503, 506, 507, 512, 513, 514, 517, 518, 523, 524, 526, 527, 530, 545, 548, 549, 554, 555, 556, 559, 560, 561, 562, 563, 566, 567, 570, 571, 572, 574, 575, 578, 591, 593, 594, 606, 611, 612, 613, 614, 616, 617, 620, 635, 638, 652, 663, 674, 675, 678, 691, 693, 694, 700, 701, 702, 704, 705, 708, 726, 730, 748, 750, 751, 752, 753, 754, 755, 757, 758, 760, 761, 762, 763, 764, 767, 769, 770, 771, 772, 773, 774, 776, 777, 779, 780, 781, 782, 783, 786, 787, 788, 789, 791, 792, 795, 810, 814, 816, 817, 820, 821, 822, 825, 826, 827, 830, 831, 832, 834, 835, 838, 859, 860, 863, 864, 865, 867, 868, 869, 871, 872, 873, 874, 875, 877, 878, 880, 881, 889, 890, 891, 892, 893, 894, 896, 897, 898, 900, 902, 905, 919, 922, 925, 928, 929, 931, 932, 934, 936, 940, 941, 942, 943, 946, 947, 948, 949, 951, 952, 955, 971, 972, 974, 975, 977, 978, 981, 983, 985, 986, 987, 988, 991, 992, 993, 995, 996, 999, 1029, 1073, 1104, 1105, 1108, 1115, 1119, 1124, 1125, 1127, 1130, 1131, 1132, 1133, 1134, 1135, 1136, 1137, 1140, 1141, 1142, 1143, 1145, 1146, 1147, 1152, 1153, 1155, 1157, 1158, 1162, 1178, 1179, 1181, 1182, 1184, 1187, 1206, 1207, 1210, 1211, 1212, 1214, 1216, 1217, 1219, 1222, 1257, 1259, 1262, 1263, 1264, 1265, 1271, 1276, 1277, 1278, 1279, 1280, 1281, 1282, 1285, 1286, 1287, 1289, 1295, 1297, 1301, 1304, 1307, 1308, 1318, 1325, 1328, 1330, 1331, 1332, 1335, 1336, 1337, 1338, 1339, 1340, 1343, 1349, 1350, 1354, 1355, 1365, 1366, 1388, 1391, 1399, 1401, 1404, 1405, 1406, 1407, 1408, 1414, 1415, 1426, 1430, 1431, 1432, 1433, 1435, 1436, 1438], "summary": {"covered_lines": 446, "num_statements": 543, "percent_covered": 82.13627992633518, "percent_covered_display": "82", "missing_lines": 97, "excluded_lines": 0, "percent_statements_covered": 82.13627992633518, "percent_statements_covered_display": "82"}, "missing_lines": [313, 314, 318, 329, 337, 427, 428, 437, 442, 639, 648, 649, 653, 658, 659, 660, 664, 670, 671, 672, 732, 733, 734, 735, 737, 738, 741, 742, 744, 745, 979, 1013, 1015, 1016, 1018, 1019, 1020, 1021, 1023, 1024, 1026, 1045, 1047, 1049, 1050, 1051, 1052, 1054, 1056, 1057, 1061, 1062, 1063, 1064, 1066, 1067, 1069, 1070, 1149, 1150, 1260, 1290, 1291, 1292, 1293, 1309, 1310, 1311, 1314, 1315, 1320, 1321, 1322, 1344, 1345, 1346, 1347, 1368, 1369, 1370, 1371, 1374, 1375, 1383, 1385, 1409, 1410, 1411, 1416, 1417, 1419, 1420, 1421, 1423, 1424, 1427, 1428], "excluded_lines": [], "start_line": 1}}}, "src\\models\\__init__.py": {"executed_lines": [], "summary": {"covered_lines": 0, "num_statements": 0, "percent_covered": 100.0, "percent_covered_display": "100", "missing_lines": 0, "excluded_lines": 0, "percent_statements_covered": 100.0, "percent_statements_covered_display": "100"}, "missing_lines": [], "excluded_lines": [], "functions": {"": {"executed_lines": [], "summary": {"covered_lines": 0, "num_statements": 0, "percent_covered": 100.0, "percent_covered_display": "100", "missing_lines": 0, "excluded_lines": 0, "percent_statements_covered": 100.0, "percent_statements_covered_display": "100"}, "missing_lines": [], "excluded_lines": [], "start_line": 1}}, "classes": {"": {"executed_lines": [], "summary": {"covered_lines": 0, "num_statements": 0, "percent_covered": 100.0, "percent_covered_display": "100", "missing_lines": 0, "excluded_lines": 0, "percent_statements_covered": 100.0, "percent_statements_covered_display": "100"}, "missing_lines": [], "excluded_lines": [], "start_line": 1}}}, "src\\models\\evaluate.py": {"executed_lines": [8, 9, 10, 11, 12, 13, 15, 16, 17, 18, 26, 27, 30, 33, 34, 36, 39, 40, 43, 44, 47, 51, 55, 56, 59, 60, 61, 64, 65, 67, 68, 69, 70, 78, 81, 82, 85, 98, 101, 104, 107, 110, 112, 114, 116, 119, 123, 124, 127, 128, 129, 130, 131, 132, 134, 135, 136, 140, 142, 143, 144, 145, 146, 163, 164, 167, 171, 175, 176, 180, 181, 182, 184, 196, 197, 198, 199, 200, 201, 202, 203, 211, 212, 213, 214, 215, 219, 220, 221, 223, 224, 225, 226, 227, 230, 231, 240, 241, 242, 243, 244, 246, 247, 249, 250, 251, 252], "summary": {"covered_lines": 107, "num_statements": 128, "percent_covered": 83.59375, "percent_covered_display": "84", "missing_lines": 21, "excluded_lines": 0, "percent_statements_covered": 83.59375, "percent_statements_covered_display": "84"}, "missing_lines": [48, 52, 83, 99, 102, 105, 108, 120, 148, 150, 151, 153, 155, 156, 159, 160, 168, 172, 177, 216, 217], "excluded_lines": [], "functions": {"_nullcontext": {"executed_lines": [36], "summary": {"covered_lines": 1, "num_statements": 1, "percent_covered": 100.0, "percent_covered_display": "100", "missing_lines": 0, "excluded_lines": 0, "percent_statements_covered": 100.0, "percent_statements_covered_display": "100"}, "missing_lines": [], "excluded_lines": [], "start_line": 34}, "Evaluate.__init__": {"executed_lines": [43, 44, 47, 51, 55, 56, 59, 60, 61, 64, 65, 67, 68, 69, 70], "summary": {"covered_lines": 15, "num_statements": 17, "percent_covered": 88.23529411764706, "percent_covered_display": "88", "missing_lines": 2, "excluded_lines": 0, "percent_statements_covered": 88.23529411764706, "percent_statements_covered_display": "88"}, "missing_lines": [48, 52], "excluded_lines": [], "start_line": 40}, "Evaluate._get_estimator": {"executed_lines": [81, 82], "summary": {"covered_lines": 2, "num_statements": 3, "percent_covered": 66.66666666666667, "percent_covered_display": "67", "missing_lines": 1, "excluded_lines": 0, "percent_statements_covered": 66.66666666666667, "percent_statements_covered_display": "67"}, "missing_lines": [83], "excluded_lines": [], "start_line": 78}, "Evaluate.evaluate": {"executed_lines": [98, 101, 104, 107, 110, 112, 114, 116, 119, 123, 124, 127, 128, 129, 130, 131, 132, 134, 135, 136, 140, 142, 143, 144, 145, 146, 163, 164, 167, 171, 175, 176, 180, 181, 182, 184, 196, 197, 198, 199, 200, 201, 202, 203, 211, 212, 213, 214, 215, 219, 220, 221, 223, 224, 225, 226, 227, 230, 231, 240, 241, 242, 243, 244, 246, 247, 249, 250, 251, 252], "summary": {"covered_lines": 70, "num_statements": 88, "percent_covered": 79.54545454545455, "percent_covered_display": "80", "missing_lines": 18, "excluded_lines": 0, "percent_statements_covered": 79.54545454545455, "percent_statements_covered_display": "80"}, "missing_lines": [99, 102, 105, 108, 120, 148, 150, 151, 153, 155, 156, 159, 160, 168, 172, 177, 216, 217], "excluded_lines": [], "start_line": 85}, "": {"executed_lines": [8, 9, 10, 11, 12, 13, 15, 16, 17, 18, 26, 27, 30, 33, 34, 39, 40, 78, 85], "summary": {"covered_lines": 19, "num_statements": 19, "percent_covered": 100.0, "percent_covered_display": "100", "missing_lines": 0, "excluded_lines": 0, "percent_statements_covered": 100.0, "percent_statements_covered_display": "100"}, "missing_lines": [], "excluded_lines": [], "start_line": 1}}, "classes": {"Evaluate": {"executed_lines": [43, 44, 47, 51, 55, 56, 59, 60, 61, 64, 65, 67, 68, 69, 70, 81, 82, 98, 101, 104, 107, 110, 112, 114, 116, 119, 123, 124, 127, 128, 129, 130, 131, 132, 134, 135, 136, 140, 142, 143, 144, 145, 146, 163, 164, 167, 171, 175, 176, 180, 181, 182, 184, 196, 197, 198, 199, 200, 201, 202, 203, 211, 212, 213, 214, 215, 219, 220, 221, 223, 224, 225, 226, 227, 230, 231, 240, 241, 242, 243, 244, 246, 247, 249, 250, 251, 252], "summary": {"covered_lines": 87, "num_statements": 108, "percent_covered": 80.55555555555556, "percent_covered_display": "81", "missing_lines": 21, "excluded_lines": 0, "percent_statements_covered": 80.55555555555556, "percent_statements_covered_display": "81"}, "missing_lines": [48, 52, 83, 99, 102, 105, 108, 120, 148, 150, 151, 153, 155, 156, 159, 160, 168, 172, 177, 216, 217], "excluded_lines": [], "start_line": 39}, "": {"executed_lines": [8, 9, 10, 11, 12, 13, 15, 16, 17, 18, 26, 27, 30, 33, 34, 36, 39, 40, 78, 85], "summary": {"covered_lines": 20, "num_statements": 20, "percent_covered": 100.0, "percent_covered_display": "100", "missing_lines": 0, "excluded_lines": 0, "percent_statements_covered": 100.0, "percent_statements_covered_display": "100"}, "missing_lines": [], "excluded_lines": [], "start_line": 1}}}, "src\\models\\make_val_split.py": {"executed_lines": [], "summary": {"covered_lines": 0, "num_statements": 37, "percent_covered": 0.0, "percent_covered_display": "0", "missing_lines": 37, "excluded_lines": 0, "percent_statements_covered": 0.0, "percent_statements_covered_display": "0"}, "missing_lines": [5, 6, 7, 8, 10, 11, 12, 13, 15, 16, 17, 18, 20, 21, 22, 23, 24, 26, 27, 28, 29, 31, 32, 34, 36, 37, 40, 48, 49, 50, 51, 53, 54, 55, 56, 58, 59], "excluded_lines": [], "functions": {"load": {"executed_lines": [], "summary": {"covered_lines": 0, "num_statements": 3, "percent_covered": 0.0, "percent_covered_display": "0", "missing_lines": 3, "excluded_lines": 0, "percent_statements_covered": 0.0, "percent_statements_covered_display": "0"}, "missing_lines": [16, 17, 18], "excluded_lines": [], "start_line": 15}, "save": {"executed_lines": [], "summary": {"covered_lines": 0, "num_statements": 4, "percent_covered": 0.0, "percent_covered_display": "0", "missing_lines": 4, "excluded_lines": 0, "percent_statements_covered": 0.0, "percent_statements_covered_display": "0"}, "missing_lines": [21, 22, 23, 24], "excluded_lines": [], "start_line": 20}, "main": {"executed_lines": [], "summary": {"covered_lines": 0, "num_statements": 17, "percent_covered": 0.0, "percent_covered_display": "0", "missing_lines": 17, "excluded_lines": 0, "percent_statements_covered": 0.0, "percent_statements_covered_display": "0"}, "missing_lines": [27, 28, 29, 31, 32, 34, 36, 37, 40, 48, 49, 50, 51, 53, 54, 55, 56], "excluded_lines": [], "start_line": 26}, "": {"executed_lines": [], "summary": {"covered_lines": 0, "num_statements": 13, "percent_covered": 0.0, "percent_covered_display": "0", "missing_lines": 13, "excluded_lines": 0, "percent_statements_covered": 0.0, "percent_statements_covered_display": "0"}, "missing_lines": [5, 6, 7, 8, 10, 11, 12, 13, 15, 20, 26, 58, 59], "excluded_lines": [], "start_line": 1}}, "classes": {"": {"executed_lines": [], "summary": {"covered_lines": 0, "num_statements": 37, "percent_covered": 0.0, "percent_covered_display": "0", "missing_lines": 37, "excluded_lines": 0, "percent_statements_covered": 0.0, "percent_statements_covered_display": "0"}, "missing_lines": [5, 6, 7, 8, 10, 11, 12, 13, 15, 16, 17, 18, 20, 21, 22, 23, 24, 26, 27, 28, 29, 31, 32, 34, 36, 37, 40, 48, 49, 50, 51, 53, 54, 55, 56, 58, 59], "excluded_lines": [], "start_line": 1}}}, "src\\models\\train.py": {"executed_lines": [10, 11, 12, 13, 15, 16, 17, 18, 19, 20, 22, 23, 25, 26, 27, 28, 29, 30, 32, 33, 35, 36, 39, 41, 45, 52, 55, 57, 60, 61, 62, 63, 64, 65, 67, 69, 70, 71, 74, 75, 76, 77, 84, 85, 86, 89, 90, 91, 92, 98, 99, 100, 101, 102, 103, 104, 105, 106, 107, 109, 110, 112, 115, 116, 118, 119, 120, 121, 125, 127, 128, 129, 130, 131, 132, 133, 135, 137, 143, 145, 148, 149, 150, 152, 153, 154, 155, 156, 157, 159, 160, 161, 162, 164, 170, 171, 172, 173, 176, 179, 180, 197, 206, 207, 208, 209, 212, 215, 216, 255, 256, 257, 260, 264, 274, 276, 277, 278, 280, 281, 282, 284, 285, 286, 288, 289, 290, 291, 292, 293, 294, 295, 298, 299, 300, 301, 303, 308, 309, 311, 313, 315, 326, 327, 328, 329, 330, 331, 333, 334, 337, 338, 344, 345, 347, 349, 350, 353, 354, 355, 382], "summary": {"covered_lines": 161, "num_statements": 226, "percent_covered": 71.23893805309734, "percent_covered_display": "71", "missing_lines": 65, "excluded_lines": 0, "percent_statements_covered": 71.23893805309734, "percent_statements_covered_display": "71"}, "missing_lines": [138, 182, 183, 184, 186, 187, 188, 189, 190, 191, 192, 193, 198, 199, 200, 201, 202, 203, 218, 219, 220, 222, 223, 224, 226, 227, 228, 230, 231, 233, 234, 235, 236, 237, 238, 239, 240, 241, 242, 243, 244, 245, 246, 248, 252, 266, 267, 296, 297, 305, 306, 341, 342, 357, 360, 363, 364, 366, 368, 371, 372, 373, 374, 375, 383], "excluded_lines": [], "functions": {"normalise_labels": {"executed_lines": [57, 60, 61, 62, 63, 64, 65, 67, 69, 70, 71, 74, 75, 76, 77], "summary": {"covered_lines": 15, "num_statements": 15, "percent_covered": 100.0, "percent_covered_display": "100", "missing_lines": 0, "excluded_lines": 0, "percent_statements_covered": 100.0, "percent_statements_covered_display": "100"}, "missing_lines": [], "excluded_lines": [], "start_line": 55}, "load_split": {"executed_lines": [85, 86], "summary": {"covered_lines": 2, "num_statements": 2, "percent_covered": 100.0, "percent_covered_display": "100", "missing_lines": 0, "excluded_lines": 0, "percent_statements_covered": 100.0, "percent_statements_covered_display": "100"}, "missing_lines": [], "excluded_lines": [], "start_line": 84}, "save_pkl": {"executed_lines": [90, 91, 92], "summary": {"covered_lines": 3, "num_statements": 3, "percent_covered": 100.0, "percent_covered_display": "100", "missing_lines": 0, "excluded_lines": 0, "percent_statements_covered": 100.0, "percent_statements_covered_display": "100"}, "missing_lines": [], "excluded_lines": [], "start_line": 89}, "load_or_create_balanced_train": {"executed_lines": [99, 100, 101, 102, 103, 104, 105, 106, 107, 109, 110, 112, 115, 116, 118, 119, 120, 121, 125, 127, 128, 129, 130, 131, 132, 133, 135, 137, 143, 145, 148, 149, 150, 152, 153, 154, 155, 156, 157, 159, 160, 161, 162, 164], "summary": {"covered_lines": 44, "num_statements": 45, "percent_covered": 97.77777777777777, "percent_covered_display": "98", "missing_lines": 1, "excluded_lines": 0, "percent_statements_covered": 97.77777777777777, "percent_statements_covered_display": "98"}, "missing_lines": [138], "excluded_lines": [], "start_line": 98}, "print_prob_diagnostics": {"executed_lines": [171, 172, 173, 176, 179, 180], "summary": {"covered_lines": 6, "num_statements": 17, "percent_covered": 35.294117647058826, "percent_covered_display": "35", "missing_lines": 11, "excluded_lines": 0, "percent_statements_covered": 35.294117647058826, "percent_statements_covered_display": "35"}, "missing_lines": [182, 183, 184, 186, 187, 188, 189, 190, 191, 192, 193], "excluded_lines": [], "start_line": 170}, "_vectorised_predict": {"executed_lines": [], "summary": {"covered_lines": 0, "num_statements": 6, "percent_covered": 0.0, "percent_covered_display": "0", "missing_lines": 6, "excluded_lines": 0, "percent_statements_covered": 0.0, "percent_statements_covered_display": "0"}, "missing_lines": [198, 199, 200, 201, 202, 203], "excluded_lines": [], "start_line": 197}, "find_best_thresholds_fast": {"executed_lines": [207, 208, 209, 212, 215, 216], "summary": {"covered_lines": 6, "num_statements": 33, "percent_covered": 18.181818181818183, "percent_covered_display": "18", "missing_lines": 27, "excluded_lines": 0, "percent_statements_covered": 18.181818181818183, "percent_statements_covered_display": "18"}, "missing_lines": [218, 219, 220, 222, 223, 224, 226, 227, 228, 230, 231, 233, 234, 235, 236, 237, 238, 239, 240, 241, 242, 243, 244, 245, 246, 248, 252], "excluded_lines": [], "start_line": 206}, "predict_with_thresholds": {"executed_lines": [256, 257, 260, 264], "summary": {"covered_lines": 4, "num_statements": 6, "percent_covered": 66.66666666666667, "percent_covered_display": "67", "missing_lines": 2, "excluded_lines": 0, "percent_statements_covered": 66.66666666666667, "percent_statements_covered_display": "67"}, "missing_lines": [266, 267], "excluded_lines": [], "start_line": 255}, "main": {"executed_lines": [276, 277, 278, 280, 281, 282, 284, 285, 286, 288, 289, 290, 291, 292, 293, 294, 295, 298, 299, 300, 301, 303, 308, 309, 311, 313, 315, 326, 327, 328, 329, 330, 331, 333, 334, 337, 338, 344, 345, 347, 349, 350, 353, 354, 355], "summary": {"covered_lines": 45, "num_statements": 62, "percent_covered": 72.58064516129032, "percent_covered_display": "73", "missing_lines": 17, "excluded_lines": 0, "percent_statements_covered": 72.58064516129032, "percent_statements_covered_display": "73"}, "missing_lines": [296, 297, 305, 306, 341, 342, 357, 360, 363, 364, 366, 368, 371, 372, 373, 374, 375], "excluded_lines": [], "start_line": 274}, "": {"executed_lines": [10, 11, 12, 13, 15, 16, 17, 18, 19, 20, 22, 23, 25, 26, 27, 28, 29, 30, 32, 33, 35, 36, 39, 41, 45, 52, 55, 84, 89, 98, 170, 197, 206, 255, 274, 382], "summary": {"covered_lines": 36, "num_statements": 37, "percent_covered": 97.29729729729729, "percent_covered_display": "97", "missing_lines": 1, "excluded_lines": 0, "percent_statements_covered": 97.29729729729729, "percent_statements_covered_display": "97"}, "missing_lines": [383], "excluded_lines": [], "start_line": 1}}, "classes": {"": {"executed_lines": [10, 11, 12, 13, 15, 16, 17, 18, 19, 20, 22, 23, 25, 26, 27, 28, 29, 30, 32, 33, 35, 36, 39, 41, 45, 52, 55, 57, 60, 61, 62, 63, 64, 65, 67, 69, 70, 71, 74, 75, 76, 77, 84, 85, 86, 89, 90, 91, 92, 98, 99, 100, 101, 102, 103, 104, 105, 106, 107, 109, 110, 112, 115, 116, 118, 119, 120, 121, 125, 127, 128, 129, 130, 131, 132, 133, 135, 137, 143, 145, 148, 149, 150, 152, 153, 154, 155, 156, 157, 159, 160, 161, 162, 164, 170, 171, 172, 173, 176, 179, 180, 197, 206, 207, 208, 209, 212, 215, 216, 255, 256, 257, 260, 264, 274, 276, 277, 278, 280, 281, 282, 284, 285, 286, 288, 289, 290, 291, 292, 293, 294, 295, 298, 299, 300, 301, 303, 308, 309, 311, 313, 315, 326, 327, 328, 329, 330, 331, 333, 334, 337, 338, 344, 345, 347, 349, 350, 353, 354, 355, 382], "summary": {"covered_lines": 161, "num_statements": 226, "percent_covered": 71.23893805309734, "percent_covered_display": "71", "missing_lines": 65, "excluded_lines": 0, "percent_statements_covered": 71.23893805309734, "percent_statements_covered_display": "71"}, "missing_lines": [138, 182, 183, 184, 186, 187, 188, 189, 190, 191, 192, 193, 198, 199, 200, 201, 202, 203, 218, 219, 220, 222, 223, 224, 226, 227, 228, 230, 231, 233, 234, 235, 236, 237, 238, 239, 240, 241, 242, 243, 244, 245, 246, 248, 252, 266, 267, 296, 297, 305, 306, 341, 342, 357, 360, 363, 364, 366, 368, 371, 372, 373, 374, 375, 383], "excluded_lines": [], "start_line": 1}}}, "src\\models\\train2.py": {"executed_lines": [], "summary": {"covered_lines": 0, "num_statements": 113, "percent_covered": 0.0, "percent_covered_display": "0", "missing_lines": 113, "excluded_lines": 0, "percent_statements_covered": 0.0, "percent_statements_covered_display": "0"}, "missing_lines": [23, 24, 25, 26, 28, 29, 30, 32, 33, 35, 36, 37, 38, 39, 40, 41, 42, 43, 51, 54, 55, 56, 58, 59, 60, 62, 63, 64, 69, 71, 72, 73, 75, 82, 83, 84, 91, 92, 93, 94, 95, 96, 97, 99, 100, 101, 102, 103, 104, 105, 106, 108, 115, 116, 117, 118, 119, 120, 121, 124, 125, 126, 127, 128, 129, 130, 132, 133, 134, 137, 138, 139, 141, 142, 144, 145, 146, 147, 148, 149, 150, 151, 152, 153, 154, 155, 156, 157, 159, 163, 166, 167, 168, 169, 170, 177, 178, 182, 186, 190, 191, 192, 193, 194, 195, 196, 197, 198, 199, 200, 204, 249, 250], "excluded_lines": [], "functions": {"normalise_labels": {"executed_lines": [], "summary": {"covered_lines": 0, "num_statements": 13, "percent_covered": 0.0, "percent_covered_display": "0", "missing_lines": 13, "excluded_lines": 0, "percent_statements_covered": 0.0, "percent_statements_covered_display": "0"}, "missing_lines": [55, 56, 58, 59, 60, 62, 63, 64, 69, 71, 72, 73, 75], "excluded_lines": [], "start_line": 54}, "load_split": {"executed_lines": [], "summary": {"covered_lines": 0, "num_statements": 2, "percent_covered": 0.0, "percent_covered_display": "0", "missing_lines": 2, "excluded_lines": 0, "percent_statements_covered": 0.0, "percent_statements_covered_display": "0"}, "missing_lines": [83, 84], "excluded_lines": [], "start_line": 82}, "print_prob_diagnostics": {"executed_lines": [], "summary": {"covered_lines": 0, "num_statements": 15, "percent_covered": 0.0, "percent_covered_display": "0", "missing_lines": 15, "excluded_lines": 0, "percent_statements_covered": 0.0, "percent_statements_covered_display": "0"}, "missing_lines": [92, 93, 94, 95, 96, 97, 99, 100, 101, 102, 103, 104, 105, 106, 108], "excluded_lines": [], "start_line": 91}, "_vectorised_predict": {"executed_lines": [], "summary": {"covered_lines": 0, "num_statements": 6, "percent_covered": 0.0, "percent_covered_display": "0", "missing_lines": 6, "excluded_lines": 0, "percent_statements_covered": 0.0, "percent_statements_covered_display": "0"}, "missing_lines": [116, 117, 118, 119, 120, 121], "excluded_lines": [], "start_line": 115}, "find_best_thresholds_fast": {"executed_lines": [], "summary": {"covered_lines": 0, "num_statements": 30, "percent_covered": 0.0, "percent_covered_display": "0", "missing_lines": 30, "excluded_lines": 0, "percent_statements_covered": 0.0, "percent_statements_covered_display": "0"}, "missing_lines": [125, 126, 127, 128, 129, 130, 132, 133, 134, 137, 138, 139, 141, 142, 144, 145, 146, 147, 148, 149, 150, 151, 152, 153, 154, 155, 156, 157, 159, 163], "excluded_lines": [], "start_line": 124}, "predict_with_thresholds": {"executed_lines": [], "summary": {"covered_lines": 0, "num_statements": 4, "percent_covered": 0.0, "percent_covered_display": "0", "missing_lines": 4, "excluded_lines": 0, "percent_statements_covered": 0.0, "percent_statements_covered_display": "0"}, "missing_lines": [167, 168, 169, 170], "excluded_lines": [], "start_line": 166}, "main": {"executed_lines": [], "summary": {"covered_lines": 0, "num_statements": 15, "percent_covered": 0.0, "percent_covered_display": "0", "missing_lines": 15, "excluded_lines": 0, "percent_statements_covered": 0.0, "percent_statements_covered_display": "0"}, "missing_lines": [178, 182, 186, 190, 191, 192, 193, 194, 195, 196, 197, 198, 199, 200, 204], "excluded_lines": [], "start_line": 177}, "": {"executed_lines": [], "summary": {"covered_lines": 0, "num_statements": 28, "percent_covered": 0.0, "percent_covered_display": "0", "missing_lines": 28, "excluded_lines": 0, "percent_statements_covered": 0.0, "percent_statements_covered_display": "0"}, "missing_lines": [23, 24, 25, 26, 28, 29, 30, 32, 33, 35, 36, 37, 38, 39, 40, 41, 42, 43, 51, 54, 82, 91, 115, 124, 166, 177, 249, 250], "excluded_lines": [], "start_line": 1}}, "classes": {"": {"executed_lines": [], "summary": {"covered_lines": 0, "num_statements": 113, "percent_covered": 0.0, "percent_covered_display": "0", "missing_lines": 113, "excluded_lines": 0, "percent_statements_covered": 0.0, "percent_statements_covered_display": "0"}, "missing_lines": [23, 24, 25, 26, 28, 29, 30, 32, 33, 35, 36, 37, 38, 39, 40, 41, 42, 43, 51, 54, 55, 56, 58, 59, 60, 62, 63, 64, 69, 71, 72, 73, 75, 82, 83, 84, 91, 92, 93, 94, 95, 96, 97, 99, 100, 101, 102, 103, 104, 105, 106, 108, 115, 116, 117, 118, 119, 120, 121, 124, 125, 126, 127, 128, 129, 130, 132, 133, 134, 137, 138, 139, 141, 142, 144, 145, 146, 147, 148, 149, 150, 151, 152, 153, 154, 155, 156, 157, 159, 163, 166, 167, 168, 169, 170, 177, 178, 182, 186, 190, 191, 192, 193, 194, 195, 196, 197, 198, 199, 200, 204, 249, 250], "excluded_lines": [], "start_line": 1}}}, "src\\models\\tune_Lgmb.py": {"executed_lines": [], "summary": {"covered_lines": 0, "num_statements": 76, "percent_covered": 0.0, "percent_covered_display": "0", "missing_lines": 76, "excluded_lines": 0, "percent_statements_covered": 0.0, "percent_statements_covered_display": "0"}, "missing_lines": [7, 8, 10, 11, 12, 13, 15, 16, 17, 18, 19, 21, 22, 23, 25, 26, 29, 31, 32, 33, 34, 35, 36, 37, 38, 40, 41, 42, 45, 46, 47, 48, 49, 50, 51, 52, 53, 54, 55, 57, 75, 84, 85, 86, 89, 90, 93, 94, 95, 96, 97, 99, 100, 101, 102, 103, 104, 106, 107, 108, 113, 114, 115, 121, 122, 123, 124, 125, 130, 140, 141, 142, 143, 144, 146, 147], "excluded_lines": [], "functions": {"normalise_labels": {"executed_lines": [], "summary": {"covered_lines": 0, "num_statements": 7, "percent_covered": 0.0, "percent_covered_display": "0", "missing_lines": 7, "excluded_lines": 0, "percent_statements_covered": 0.0, "percent_statements_covered_display": "0"}, "missing_lines": [32, 33, 34, 35, 36, 37, 38], "excluded_lines": [], "start_line": 31}, "load": {"executed_lines": [], "summary": {"covered_lines": 0, "num_statements": 2, "percent_covered": 0.0, "percent_covered_display": "0", "missing_lines": 2, "excluded_lines": 0, "percent_statements_covered": 0.0, "percent_statements_covered_display": "0"}, "missing_lines": [41, 42], "excluded_lines": [], "start_line": 40}, "objective": {"executed_lines": [], "summary": {"covered_lines": 0, "num_statements": 17, "percent_covered": 0.0, "percent_covered_display": "0", "missing_lines": 17, "excluded_lines": 0, "percent_statements_covered": 0.0, "percent_statements_covered_display": "0"}, "missing_lines": [46, 47, 48, 49, 50, 51, 52, 53, 54, 55, 57, 75, 84, 85, 86, 89, 90], "excluded_lines": [], "start_line": 45}, "main": {"executed_lines": [], "summary": {"covered_lines": 0, "num_statements": 27, "percent_covered": 0.0, "percent_covered_display": "0", "missing_lines": 27, "excluded_lines": 0, "percent_statements_covered": 0.0, "percent_statements_covered_display": "0"}, "missing_lines": [94, 95, 96, 97, 99, 100, 101, 102, 103, 104, 106, 107, 108, 113, 114, 115, 121, 122, 123, 124, 125, 130, 140, 141, 142, 143, 144], "excluded_lines": [], "start_line": 93}, "": {"executed_lines": [], "summary": {"covered_lines": 0, "num_statements": 23, "percent_covered": 0.0, "percent_covered_display": "0", "missing_lines": 23, "excluded_lines": 0, "percent_statements_covered": 0.0, "percent_statements_covered_display": "0"}, "missing_lines": [7, 8, 10, 11, 12, 13, 15, 16, 17, 18, 19, 21, 22, 23, 25, 26, 29, 31, 40, 45, 93, 146, 147], "excluded_lines": [], "start_line": 1}}, "classes": {"": {"executed_lines": [], "summary": {"covered_lines": 0, "num_statements": 76, "percent_covered": 0.0, "percent_covered_display": "0", "missing_lines": 76, "excluded_lines": 0, "percent_statements_covered": 0.0, "percent_statements_covered_display": "0"}, "missing_lines": [7, 8, 10, 11, 12, 13, 15, 16, 17, 18, 19, 21, 22, 23, 25, 26, 29, 31, 32, 33, 34, 35, 36, 37, 38, 40, 41, 42, 45, 46, 47, 48, 49, 50, 51, 52, 53, 54, 55, 57, 75, 84, 85, 86, 89, 90, 93, 94, 95, 96, 97, 99, 100, 101, 102, 103, 104, 106, 107, 108, 113, 114, 115, 121, 122, 123, 124, 125, 130, 140, 141, 142, 143, 144, 146, 147], "excluded_lines": [], "start_line": 1}}}, "src\\models\\tune_catboost.py": {"executed_lines": [], "summary": {"covered_lines": 0, "num_statements": 148, "percent_covered": 0.0, "percent_covered_display": "0", "missing_lines": 148, "excluded_lines": 0, "percent_statements_covered": 0.0, "percent_statements_covered_display": "0"}, "missing_lines": [27, 28, 29, 30, 31, 33, 34, 35, 36, 39, 40, 41, 42, 43, 46, 47, 48, 49, 52, 53, 55, 57, 58, 59, 60, 61, 62, 63, 64, 65, 67, 68, 69, 73, 78, 79, 80, 81, 82, 83, 84, 87, 92, 93, 94, 96, 97, 99, 100, 101, 102, 103, 104, 105, 106, 108, 112, 113, 114, 115, 116, 117, 118, 119, 121, 127, 142, 149, 150, 151, 154, 157, 158, 159, 161, 165, 166, 167, 168, 169, 172, 173, 174, 175, 176, 177, 179, 180, 181, 184, 185, 187, 194, 195, 196, 197, 198, 199, 200, 201, 202, 203, 204, 205, 208, 210, 211, 215, 217, 223, 236, 239, 240, 241, 244, 249, 250, 252, 253, 254, 256, 257, 259, 260, 261, 262, 265, 279, 280, 281, 282, 284, 285, 286, 287, 289, 290, 291, 292, 295, 296, 297, 298, 299, 300, 301, 307, 308], "excluded_lines": [], "functions": {"normalise_labels": {"executed_lines": [], "summary": {"covered_lines": 0, "num_statements": 8, "percent_covered": 0.0, "percent_covered_display": "0", "missing_lines": 8, "excluded_lines": 0, "percent_statements_covered": 0.0, "percent_statements_covered_display": "0"}, "missing_lines": [58, 59, 60, 61, 62, 63, 64, 65], "excluded_lines": [], "start_line": 57}, "load": {"executed_lines": [], "summary": {"covered_lines": 0, "num_statements": 2, "percent_covered": 0.0, "percent_covered_display": "0", "missing_lines": 2, "excluded_lines": 0, "percent_statements_covered": 0.0, "percent_statements_covered_display": "0"}, "missing_lines": [68, 69], "excluded_lines": [], "start_line": 67}, "apply_margin_thresholds": {"executed_lines": [], "summary": {"covered_lines": 0, "num_statements": 7, "percent_covered": 0.0, "percent_covered_display": "0", "missing_lines": 7, "excluded_lines": 0, "percent_statements_covered": 0.0, "percent_statements_covered_display": "0"}, "missing_lines": [78, 79, 80, 81, 82, 83, 84], "excluded_lines": [], "start_line": 73}, "best_thresholds_fast": {"executed_lines": [], "summary": {"covered_lines": 0, "num_statements": 14, "percent_covered": 0.0, "percent_covered_display": "0", "missing_lines": 14, "excluded_lines": 0, "percent_statements_covered": 0.0, "percent_statements_covered_display": "0"}, "missing_lines": [92, 93, 94, 96, 97, 99, 100, 101, 102, 103, 104, 105, 106, 108], "excluded_lines": [], "start_line": 87}, "objective": {"executed_lines": [], "summary": {"covered_lines": 0, "num_statements": 18, "percent_covered": 0.0, "percent_covered_display": "0", "missing_lines": 18, "excluded_lines": 0, "percent_statements_covered": 0.0, "percent_statements_covered_display": "0"}, "missing_lines": [113, 114, 115, 116, 117, 118, 119, 121, 127, 142, 149, 150, 151, 154, 157, 158, 159, 161], "excluded_lines": [], "start_line": 112}, "main": {"executed_lines": [], "summary": {"covered_lines": 0, "num_statements": 70, "percent_covered": 0.0, "percent_covered_display": "0", "missing_lines": 70, "excluded_lines": 0, "percent_statements_covered": 0.0, "percent_statements_covered_display": "0"}, "missing_lines": [166, 167, 168, 169, 172, 173, 174, 175, 176, 177, 179, 180, 181, 184, 185, 187, 194, 195, 196, 197, 198, 199, 200, 201, 202, 203, 204, 205, 208, 210, 211, 215, 217, 223, 236, 239, 240, 241, 244, 249, 250, 252, 253, 254, 256, 257, 259, 260, 261, 262, 265, 279, 280, 281, 282, 284, 285, 286, 287, 289, 290, 291, 292, 295, 296, 297, 298, 299, 300, 301], "excluded_lines": [], "start_line": 165}, "": {"executed_lines": [], "summary": {"covered_lines": 0, "num_statements": 29, "percent_covered": 0.0, "percent_covered_display": "0", "missing_lines": 29, "excluded_lines": 0, "percent_statements_covered": 0.0, "percent_statements_covered_display": "0"}, "missing_lines": [27, 28, 29, 30, 31, 33, 34, 35, 36, 39, 40, 41, 42, 43, 46, 47, 48, 49, 52, 53, 55, 57, 67, 73, 87, 112, 165, 307, 308], "excluded_lines": [], "start_line": 1}}, "classes": {"": {"executed_lines": [], "summary": {"covered_lines": 0, "num_statements": 148, "percent_covered": 0.0, "percent_covered_display": "0", "missing_lines": 148, "excluded_lines": 0, "percent_statements_covered": 0.0, "percent_statements_covered_display": "0"}, "missing_lines": [27, 28, 29, 30, 31, 33, 34, 35, 36, 39, 40, 41, 42, 43, 46, 47, 48, 49, 52, 53, 55, 57, 58, 59, 60, 61, 62, 63, 64, 65, 67, 68, 69, 73, 78, 79, 80, 81, 82, 83, 84, 87, 92, 93, 94, 96, 97, 99, 100, 101, 102, 103, 104, 105, 106, 108, 112, 113, 114, 115, 116, 117, 118, 119, 121, 127, 142, 149, 150, 151, 154, 157, 158, 159, 161, 165, 166, 167, 168, 169, 172, 173, 174, 175, 176, 177, 179, 180, 181, 184, 185, 187, 194, 195, 196, 197, 198, 199, 200, 201, 202, 203, 204, 205, 208, 210, 211, 215, 217, 223, 236, 239, 240, 241, 244, 249, 250, 252, 253, 254, 256, 257, 259, 260, 261, 262, 265, 279, 280, 281, 282, 284, 285, 286, 287, 289, 290, 291, 292, 295, 296, 297, 298, 299, 300, 301, 307, 308], "excluded_lines": [], "start_line": 1}}}}, "totals": {"covered_lines": 1411, "num_statements": 2478, "percent_covered": 56.94108151735271, "percent_covered_display": "57", "missing_lines": 1067, "excluded_lines": 0, "percent_statements_covered": 56.94108151735271, "percent_statements_covered_display": "57"}}